Sender: LSF System <lsfadmin@cn45>
Subject: Job 36980: <#!/bin/sh; #BSUB -a openmpi;#BSUB -q normal;#BSUB -n 96;#BSUB -o myOutput.out;#BSUB -e myError.err; mpirun ./bab testni\ grafi/mac/rudy/g05_60.0> in cluster <hpcfs> Done

Job <#!/bin/sh; #BSUB -a openmpi;#BSUB -q normal;#BSUB -n 96;#BSUB -o myOutput.out;#BSUB -e myError.err; mpirun ./bab testni\ grafi/mac/rudy/g05_60.0> was submitted from host <prelog> by user <hrgat> in cluster <hpcfs>.
Job was executed on host(s) <12*cn45>, in queue <normal>, as user <hrgat> in cluster <hpcfs>.
                            <12*cn46>
                            <12*cn47>
                            <12*cn48>
                            <12*cn49>
                            <12*cn10>
                            <12*cn11>
                            <12*cn12>
</home/hrgat> was used as the home directory.
</home/hrgat/Namizje/BiqMac5> was used as the working directory.
Started at Thu Oct 19 14:29:14 2017
Results reported at Thu Oct 19 14:29:34 2017

Your job looked like:

------------------------------------------------------------
# LSBATCH: User input
#!/bin/sh

#BSUB -a openmpi
#BSUB -q normal
#BSUB -n 96
#BSUB -o myOutput.out
#BSUB -e myError.err

mpirun ./bab testni\ grafi/mac/rudy/g05_60.0


------------------------------------------------------------

Successfully completed.

Resource usage summary:

    CPU time :               358.19 sec.
    Total Requested Memory : -
    Delta Memory :           -
    (Delta: the difference between total requested memory and actual max usage.)

The output (if any) follows:

graph: testni grafi/mac/rudy/g05_60.0
The input graph has 60 nodes and 885 edges, edge weights are integers.

BEST VALUE = 536.000000
BEST CUT = -1 1 1 -1 1 1 -1 1 1 1 -1 1 -1 -1 1 1 -1 1 1 -1 1 -1 -1 -1 -1 -1 -1 -1 -1 -1 1 -1 -1 -1 -1 -1 -1 1 1 -1 1 -1 -1 1 -1 -1 -1 1 1 1 1 -1 1 -1 -1 1 1 1 1 1 
ONE SIDE OF CUT = 2 3 5 6 8 9 10 12 15 16 18 19 21 31 38 39 41 44 48 49 50 51 53 56 57 58 59 60 
B&B nodes = 5
maxQueueSize = 2
maxWorkers = 2
TIME: 4.00 sec




PS:

Read file <myError.err> for stderr output of this job.

Sender: LSF System <lsfadmin@cn56>
Subject: Job 36981: <#!/bin/sh; #BSUB -a openmpi;#BSUB -q normal;#BSUB -n 200;#BSUB -o myOutput.out;#BSUB -e myError.err; mpirun -np 200 ./bab testni\ grafi/mac/rudy/g05_60.0> in cluster <hpcfs> Done

Job <#!/bin/sh; #BSUB -a openmpi;#BSUB -q normal;#BSUB -n 200;#BSUB -o myOutput.out;#BSUB -e myError.err; mpirun -np 200 ./bab testni\ grafi/mac/rudy/g05_60.0> was submitted from host <prelog> by user <hrgat> in cluster <hpcfs>.
Job was executed on host(s) <12*cn56>, in queue <normal>, as user <hrgat> in cluster <hpcfs>.
                            <12*cn59>
                            <12*cn20>
                            <12*cn24>
                            <12*cn41>
                            <12*cn44>
                            <12*cn45>
                            <12*cn47>
                            <12*cn48>
                            <12*cn49>
                            <12*cn10>
                            <12*cn11>
                            <12*cn12>
                            <12*cn17>
                            <12*cn18>
                            <12*cn60>
                            <8*cn19>
</home/hrgat> was used as the home directory.
</home/hrgat/Namizje/BiqMac5> was used as the working directory.
Started at Thu Oct 19 14:35:47 2017
Results reported at Thu Oct 19 14:36:09 2017

Your job looked like:

------------------------------------------------------------
# LSBATCH: User input
#!/bin/sh

#BSUB -a openmpi
#BSUB -q normal
#BSUB -n 200
#BSUB -o myOutput.out
#BSUB -e myError.err

mpirun -np 200 ./bab testni\ grafi/mac/rudy/g05_60.0


------------------------------------------------------------

Successfully completed.

Resource usage summary:

    CPU time :               824.98 sec.
    Total Requested Memory : -
    Delta Memory :           -
    (Delta: the difference between total requested memory and actual max usage.)

The output (if any) follows:

graph: testni grafi/mac/rudy/g05_60.0
The input graph has 60 nodes and 885 edges, edge weights are integers.

BEST VALUE = 536.000000
BEST CUT = -1 1 1 -1 1 1 -1 1 1 1 -1 1 -1 -1 1 1 -1 1 1 -1 1 -1 -1 -1 -1 -1 -1 -1 -1 -1 1 -1 -1 -1 -1 -1 -1 1 1 -1 1 -1 -1 1 -1 -1 -1 1 1 1 1 -1 1 -1 -1 1 1 1 1 1 
ONE SIDE OF CUT = 2 3 5 6 8 9 10 12 15 16 18 19 21 31 38 39 41 44 48 49 50 51 53 56 57 58 59 60 
B&B nodes = 5
maxQueueSize = 2
maxWorkers = 2
TIME: 4.00 sec




PS:

Read file <myError.err> for stderr output of this job.

Sender: LSF System <lsfadmin@cn56>
Subject: Job 36982: <myProject> in cluster <hpcfs> Done

Job <myProject> was submitted from host <prelog> by user <hrgat> in cluster <hpcfs>.
Job was executed on host(s) <12*cn56>, in queue <normal>, as user <hrgat> in cluster <hpcfs>.
                            <8*cn59>
</home/hrgat> was used as the home directory.
</home/hrgat/Namizje/BiqMac5> was used as the working directory.
Started at Thu Oct 19 14:42:19 2017
Results reported at Thu Oct 19 14:42:23 2017

Your job looked like:

------------------------------------------------------------
# LSBATCH: User input
#!/bin/sh

#BSUB -J myProject
#BSUB -a openmpi
#BSUB -q normal
#BSUB -n 20
#BSUB -o myOutput.out
#BSUB -e myError.err

mpirun -np 20 ./bab testni\ grafi/mac/rudy/g05_60.0


------------------------------------------------------------

Successfully completed.

Resource usage summary:

    CPU time :               70.01 sec.
    Total Requested Memory : -
    Delta Memory :           -
    (Delta: the difference between total requested memory and actual max usage.)

The output (if any) follows:

graph: testni grafi/mac/rudy/g05_60.0
The input graph has 60 nodes and 885 edges, edge weights are integers.

BEST VALUE = 536.000000
BEST CUT = -1 1 1 -1 1 1 -1 1 1 1 -1 1 -1 -1 1 1 -1 1 1 -1 1 -1 -1 -1 -1 -1 -1 -1 -1 -1 1 -1 -1 -1 -1 -1 -1 1 1 -1 1 -1 -1 1 -1 -1 -1 1 1 1 1 -1 1 -1 -1 1 1 1 1 1 
ONE SIDE OF CUT = 2 3 5 6 8 9 10 12 15 16 18 19 21 31 38 39 41 44 48 49 50 51 53 56 57 58 59 60 
B&B nodes = 5
maxQueueSize = 2
maxWorkers = 2
TIME: 4.00 sec




PS:

Read file <myError.err> for stderr output of this job.

graph: testni grafi/mac/rudy/g05_60.0
The input graph has 60 nodes and 885 edges, edge weights are integers.

BEST VALUE = 536.000000
BEST CUT = -1 1 1 -1 1 1 -1 1 1 1 -1 1 -1 -1 1 1 -1 1 1 -1 1 -1 -1 -1 -1 -1 -1 -1 -1 -1 1 -1 -1 -1 -1 -1 -1 1 1 -1 1 -1 -1 1 -1 -1 -1 1 1 1 1 -1 1 -1 -1 1 1 1 1 1 
ONE SIDE OF CUT = 2 3 5 6 8 9 10 12 15 16 18 19 21 31 38 39 41 44 48 49 50 51 53 56 57 58 59 60 
B&B nodes = 5
maxQueueSize = 2
maxWorkers = 2
TIME: 4.00 sec


Sender: LSF System <lsfadmin@cn52>
Subject: Job 36984: <#!/bin/sh; #BSUB -a openmpi;#BSUB -q normal;#BSUB -n 96;#BSUB -o myOutput.out;#BSUB -e myError.err; mpirun -np 24 ./bab testni\ grafi/mac/rudy/g05_60.0> in cluster <hpcfs> Done

Job <#!/bin/sh; #BSUB -a openmpi;#BSUB -q normal;#BSUB -n 96;#BSUB -o myOutput.out;#BSUB -e myError.err; mpirun -np 24 ./bab testni\ grafi/mac/rudy/g05_60.0> was submitted from host <prelog> by user <hrgat> in cluster <hpcfs>.
Job was executed on host(s) <12*cn52>, in queue <normal>, as user <hrgat> in cluster <hpcfs>.
                            <12*cn56>
                            <12*cn57>
                            <12*cn59>
                            <12*cn20>
                            <12*cn21>
                            <12*cn22>
                            <12*cn23>
</home/hrgat> was used as the home directory.
</home/hrgat/Namizje/BiqMac5> was used as the working directory.
Started at Thu Oct 19 14:52:27 2017
Results reported at Thu Oct 19 14:52:31 2017

Your job looked like:

------------------------------------------------------------
# LSBATCH: User input
#!/bin/sh

#BSUB -a openmpi
#BSUB -q normal
#BSUB -n 96
#BSUB -o myOutput.out
#BSUB -e myError.err

mpirun -np 24 ./bab testni\ grafi/mac/rudy/g05_60.0


------------------------------------------------------------

Successfully completed.

Resource usage summary:

    CPU time :               84.93 sec.
    Total Requested Memory : -
    Delta Memory :           -
    (Delta: the difference between total requested memory and actual max usage.)

The output (if any) follows:

graph: testni grafi/mac/rudy/g05_60.0
The input graph has 60 nodes and 885 edges, edge weights are integers.

BEST VALUE = 536.000000
BEST CUT = -1 1 1 -1 1 1 -1 1 1 1 -1 1 -1 -1 1 1 -1 1 1 -1 1 -1 -1 -1 -1 -1 -1 -1 -1 -1 1 -1 -1 -1 -1 -1 -1 1 1 -1 1 -1 -1 1 -1 -1 -1 1 1 1 1 -1 1 -1 -1 1 1 1 1 1 
ONE SIDE OF CUT = 2 3 5 6 8 9 10 12 15 16 18 19 21 31 38 39 41 44 48 49 50 51 53 56 57 58 59 60 
B&B nodes = 5
maxQueueSize = 2
maxWorkers = 3
TIME: 3.00 sec




PS:

Read file <myError.err> for stderr output of this job.

Sender: LSF System <lsfadmin@cn52>
Subject: Job 36989: <#!/bin/sh; #BSUB -a openmpi;#BSUB -q normal;#BSUB -n 96;#BSUB -o myOutput.out;#BSUB -e myError.err;  mpirun bab testni\ grafi/mac/rudy/g05_60.0> in cluster <hpcfs> Done

Job <#!/bin/sh; #BSUB -a openmpi;#BSUB -q normal;#BSUB -n 96;#BSUB -o myOutput.out;#BSUB -e myError.err;  mpirun bab testni\ grafi/mac/rudy/g05_60.0> was submitted from host <prelog> by user <hrgat> in cluster <hpcfs>.
Job was executed on host(s) <12*cn52>, in queue <normal>, as user <hrgat> in cluster <hpcfs>.
                            <12*cn55>
                            <12*cn56>
                            <12*cn57>
                            <12*cn58>
                            <12*cn59>
                            <12*cn20>
                            <12*cn21>
</home/hrgat> was used as the home directory.
</home/hrgat/Namizje/BiqMac5> was used as the working directory.
Started at Thu Oct 19 15:07:22 2017
Results reported at Thu Oct 19 15:07:27 2017

Your job looked like:

------------------------------------------------------------
# LSBATCH: User input
#!/bin/sh

#BSUB -a openmpi
#BSUB -q normal
#BSUB -n 96
#BSUB -o myOutput.out
#BSUB -e myError.err


mpirun bab testni\ grafi/mac/rudy/g05_60.0


------------------------------------------------------------

Successfully completed.

Resource usage summary:

    CPU time :               356.86 sec.
    Total Requested Memory : -
    Delta Memory :           -
    (Delta: the difference between total requested memory and actual max usage.)

The output (if any) follows:

graph: testni grafi/mac/rudy/g05_60.0
The input graph has 60 nodes and 885 edges, edge weights are integers.

BEST VALUE = 536.000000
BEST CUT = -1 1 1 -1 1 1 -1 1 1 1 -1 1 -1 -1 1 1 -1 1 1 -1 1 -1 -1 -1 -1 -1 -1 -1 -1 -1 1 -1 -1 -1 -1 -1 -1 1 1 -1 1 -1 -1 1 -1 -1 -1 1 1 1 1 -1 1 -1 -1 1 1 1 1 1 
ONE SIDE OF CUT = 2 3 5 6 8 9 10 12 15 16 18 19 21 31 38 39 41 44 48 49 50 51 53 56 57 58 59 60 
B&B nodes = 5
maxQueueSize = 2
maxWorkers = 2
TIME: 4.00 sec




PS:

Read file <myError.err> for stderr output of this job.

Sender: LSF System <lsfadmin@cn52>
Subject: Job 36990: <#!/bin/sh; #BSUB -a openmpi;#BSUB -q normal;#BSUB -n 96;#BSUB -o myOutput.out;#BSUB -e myError.err;  mpirun bab testni\ grafi/mac/rudy/g05_60.1> in cluster <hpcfs> Done

Job <#!/bin/sh; #BSUB -a openmpi;#BSUB -q normal;#BSUB -n 96;#BSUB -o myOutput.out;#BSUB -e myError.err;  mpirun bab testni\ grafi/mac/rudy/g05_60.1> was submitted from host <prelog> by user <hrgat> in cluster <hpcfs>.
Job was executed on host(s) <12*cn52>, in queue <normal>, as user <hrgat> in cluster <hpcfs>.
                            <12*cn59>
                            <12*cn22>
                            <12*cn23>
                            <12*cn41>
                            <12*cn45>
                            <12*cn47>
                            <12*cn49>
</home/hrgat> was used as the home directory.
</home/hrgat/Namizje/BiqMac5> was used as the working directory.
Started at Thu Oct 19 15:08:23 2017
Results reported at Thu Oct 19 15:08:27 2017

Your job looked like:

------------------------------------------------------------
# LSBATCH: User input
#!/bin/sh

#BSUB -a openmpi
#BSUB -q normal
#BSUB -n 96
#BSUB -o myOutput.out
#BSUB -e myError.err


mpirun bab testni\ grafi/mac/rudy/g05_60.1


------------------------------------------------------------

Successfully completed.

Resource usage summary:

    CPU time :               267.93 sec.
    Total Requested Memory : -
    Delta Memory :           -
    (Delta: the difference between total requested memory and actual max usage.)

The output (if any) follows:

graph: testni grafi/mac/rudy/g05_60.1
The input graph has 60 nodes and 885 edges, edge weights are integers.

BEST VALUE = 532.000000
BEST CUT = 1 -1 1 1 1 1 1 1 -1 1 1 1 1 -1 -1 1 -1 -1 -1 1 1 -1 -1 1 -1 1 -1 1 1 -1 -1 -1 1 -1 -1 -1 1 -1 -1 -1 1 1 1 -1 -1 1 -1 -1 1 1 1 -1 1 1 -1 1 1 -1 -1 -1 
ONE SIDE OF CUT = 1 3 4 5 6 7 8 10 11 12 13 16 20 21 24 26 28 29 33 37 41 42 43 46 49 50 51 53 54 56 57 
B&B nodes = 3
maxQueueSize = 2
maxWorkers = 2
TIME: 3.00 sec




PS:

Read file <myError.err> for stderr output of this job.

Sender: LSF System <lsfadmin@cn52>
Subject: Job 36991: <#!/bin/sh; #BSUB -a openmpi;#BSUB -q normal;#BSUB -n 96;#BSUB -o myOutput.out;#BSUB -e myError.err;  mpirun bab testni\ grafi/mac/rudy/pm1d_80.0> in cluster <hpcfs> Done

Job <#!/bin/sh; #BSUB -a openmpi;#BSUB -q normal;#BSUB -n 96;#BSUB -o myOutput.out;#BSUB -e myError.err;  mpirun bab testni\ grafi/mac/rudy/pm1d_80.0> was submitted from host <prelog> by user <hrgat> in cluster <hpcfs>.
Job was executed on host(s) <12*cn52>, in queue <normal>, as user <hrgat> in cluster <hpcfs>.
                            <12*cn59>
                            <12*cn23>
                            <12*cn41>
                            <12*cn49>
                            <12*cn10>
                            <12*cn11>
                            <12*cn12>
</home/hrgat> was used as the home directory.
</home/hrgat/Namizje/BiqMac5> was used as the working directory.
Started at Thu Oct 19 15:09:35 2017
Results reported at Thu Oct 19 15:09:50 2017

Your job looked like:

------------------------------------------------------------
# LSBATCH: User input
#!/bin/sh

#BSUB -a openmpi
#BSUB -q normal
#BSUB -n 96
#BSUB -o myOutput.out
#BSUB -e myError.err


mpirun bab testni\ grafi/mac/rudy/pm1d_80.0


------------------------------------------------------------

Successfully completed.

Resource usage summary:

    CPU time :               1337.58 sec.
    Total Requested Memory : -
    Delta Memory :           -
    (Delta: the difference between total requested memory and actual max usage.)

The output (if any) follows:

graph: testni grafi/mac/rudy/pm1d_80.0
The input graph has 80 nodes and 3128 edges, edge weights are integers.

BEST VALUE = 227.000000
BEST CUT = 1 1 1 -1 -1 -1 1 1 1 1 -1 -1 1 1 1 1 -1 -1 1 -1 -1 1 1 -1 -1 1 1 -1 -1 -1 -1 1 1 1 -1 1 -1 -1 -1 1 -1 -1 1 1 1 -1 1 -1 1 -1 -1 -1 -1 -1 -1 1 1 1 -1 1 1 -1 1 1 1 -1 1 -1 -1 1 -1 1 1 -1 1 -1 1 1 -1 -1 
ONE SIDE OF CUT = 1 2 3 7 8 9 10 13 14 15 16 19 22 23 26 27 32 33 34 36 40 43 44 45 47 49 56 57 58 60 61 63 64 65 67 70 72 73 75 77 78 
B&B nodes = 29
maxQueueSize = 2
maxWorkers = 11
TIME: 14.00 sec




PS:

Read file <myError.err> for stderr output of this job.

Sender: LSF System <lsfadmin@cn59>
Subject: Job 46467: <#!/bin/sh; #BSUB -a openmpi;#BSUB -q normal;#BSUB -n 96;#BSUB -o myOutput.out;#BSUB -e myError.err;  mpirun bab testni\ grafi/mac/rudy/g05_80.3> in cluster <hpcfs> Done

Job <#!/bin/sh; #BSUB -a openmpi;#BSUB -q normal;#BSUB -n 96;#BSUB -o myOutput.out;#BSUB -e myError.err;  mpirun bab testni\ grafi/mac/rudy/g05_80.3> was submitted from host <cn43> by user <hrgat> in cluster <hpcfs>.
Job was executed on host(s) <12*cn59>, in queue <normal>, as user <hrgat> in cluster <hpcfs>.
                            <12*cn29>
                            <12*cn11>
                            <12*cn19>
                            <12*cn30>
                            <12*cn31>
                            <12*cn34>
                            <12*cn35>
</home/hrgat> was used as the home directory.
</home/hrgat/BiqMac5_HPC> was used as the working directory.
Started at Fri Feb 15 16:00:36 2019
Results reported at Fri Feb 15 16:00:59 2019

Your job looked like:

------------------------------------------------------------
# LSBATCH: User input
#!/bin/sh

#BSUB -a openmpi
#BSUB -q normal
#BSUB -n 96
#BSUB -o myOutput.out
#BSUB -e myError.err


mpirun bab testni\ grafi/mac/rudy/g05_80.3


------------------------------------------------------------

Successfully completed.

Resource usage summary:

    CPU time :               2074.23 sec.
    Total Requested Memory : -
    Delta Memory :           -
    (Delta: the difference between total requested memory and actual max usage.)

The output (if any) follows:

graph: testni grafi/mac/rudy/g05_80.3
The input graph has 80 nodes and 1580 edges, edge weights are integers.

BEST VALUE = 923.000000
BEST CUT = -1 1 1 -1 -1 1 1 -1 -1 -1 1 -1 1 1 1 -1 -1 1 -1 -1 1 1 1 1 -1 1 1 1 1 1 -1 1 -1 -1 1 1 -1 -1 -1 1 -1 -1 1 -1 1 1 1 -1 -1 -1 -1 -1 1 -1 -1 1 1 -1 -1 1 -1 1 -1 -1 -1 1 -1 -1 1 1 1 -1 1 1 1 1 -1 1 1 -1 
ONE SIDE OF CUT = 2 3 6 7 11 13 14 15 18 21 22 23 24 26 27 28 29 30 32 35 36 40 43 45 46 47 53 56 57 60 62 66 69 70 71 73 74 75 76 78 79 
B&B nodes = 603
maxQueueSize = 108
maxWorkers = 95
TIME: 21.00 sec




PS:

Read file <myError.err> for stderr output of this job.

Sender: LSF System <lsfadmin@cn40>
Subject: Job 46468: <#!/bin/sh; #BSUB -a openmpi;#BSUB -q normal;#BSUB -n 96;#BSUB -o myOutput.out;#BSUB -e myError.err;  mpirun bab testni\ grafi/mac/rudy/g05_100.3> in cluster <hpcfs> Done

Job <#!/bin/sh; #BSUB -a openmpi;#BSUB -q normal;#BSUB -n 96;#BSUB -o myOutput.out;#BSUB -e myError.err;  mpirun bab testni\ grafi/mac/rudy/g05_100.3> was submitted from host <cn43> by user <hrgat> in cluster <hpcfs>.
Job was executed on host(s) <12*cn40>, in queue <normal>, as user <hrgat> in cluster <hpcfs>.
                            <12*cn32>
                            <12*cn33>
                            <12*cn36>
                            <12*cn37>
                            <12*cn39>
                            <12*cn03>
                            <12*cn04>
</home/hrgat> was used as the home directory.
</home/hrgat/BiqMac5_HPC> was used as the working directory.
Started at Fri Feb 15 16:02:11 2019
Results reported at Fri Feb 15 16:04:08 2019

Your job looked like:

------------------------------------------------------------
# LSBATCH: User input
#!/bin/sh

#BSUB -a openmpi
#BSUB -q normal
#BSUB -n 96
#BSUB -o myOutput.out
#BSUB -e myError.err


mpirun bab testni\ grafi/mac/rudy/g05_100.3


------------------------------------------------------------

Successfully completed.

Resource usage summary:

    CPU time :               11222.51 sec.
    Max Memory :             2031 MB
    Average Memory :         2031.00 MB
    Total Requested Memory : -
    Delta Memory :           -
    (Delta: the difference between total requested memory and actual max usage.)
    Max Processes :          65
    Max Threads :            245

The output (if any) follows:

graph: testni grafi/mac/rudy/g05_100.3
The input graph has 100 nodes and 2475 edges, edge weights are integers.

BEST VALUE = 1424.000000
BEST CUT = -1 1 1 -1 1 1 1 -1 -1 -1 -1 -1 1 1 -1 -1 -1 -1 -1 -1 1 1 1 1 -1 1 1 -1 -1 -1 1 -1 1 1 1 1 1 1 1 1 -1 1 1 1 -1 -1 1 1 1 -1 -1 -1 -1 -1 1 1 -1 1 1 1 -1 -1 1 -1 1 -1 -1 -1 -1 1 1 -1 -1 1 -1 1 1 1 1 -1 -1 1 -1 1 -1 -1 -1 1 -1 -1 1 -1 1 -1 1 -1 -1 -1 -1 1 
ONE SIDE OF CUT = 2 3 5 6 7 13 14 21 22 23 24 26 27 31 33 34 35 36 37 38 39 40 42 43 44 47 48 49 55 56 58 59 60 63 65 70 71 74 76 77 78 79 82 84 88 91 93 95 100 
B&B nodes = 2893
maxQueueSize = 827
maxWorkers = 95
TIME: 117.00 sec




PS:

Read file <myError.err> for stderr output of this job.

Sender: LSF System <lsfadmin@cn54>
Subject: Job 46479: <#!/bin/sh; #BSUB -a openmpi;#BSUB -q normal;#BSUB -n 96;#BSUB -o myOutput.out;#BSUB -e myError.err;  mpirun bab testni\ grafi/mac/rudy/g05_80.3> in cluster <hpcfs> Done

Job <#!/bin/sh; #BSUB -a openmpi;#BSUB -q normal;#BSUB -n 96;#BSUB -o myOutput.out;#BSUB -e myError.err;  mpirun bab testni\ grafi/mac/rudy/g05_80.3> was submitted from host <cn59> by user <hrgat> in cluster <hpcfs>.
Job was executed on host(s) <12*cn54>, in queue <normal>, as user <hrgat> in cluster <hpcfs>.
                            <12*cn22>
                            <12*cn24>
                            <12*cn29>
                            <12*cn40>
                            <12*cn43>
                            <12*cn11>
                            <12*cn12>
</home/hrgat> was used as the home directory.
</home/hrgat/BiqMac_parallel> was used as the working directory.
Started at Fri Feb 15 18:21:31 2019
Results reported at Fri Feb 15 18:21:53 2019

Your job looked like:

------------------------------------------------------------
# LSBATCH: User input
#!/bin/sh

#BSUB -a openmpi
#BSUB -q normal
#BSUB -n 96
#BSUB -o myOutput.out
#BSUB -e myError.err


mpirun bab testni\ grafi/mac/rudy/g05_80.3


------------------------------------------------------------

Successfully completed.

Resource usage summary:

    CPU time :               2051.87 sec.
    Total Requested Memory : -
    Delta Memory :           -
    (Delta: the difference between total requested memory and actual max usage.)

The output (if any) follows:

graph: testni grafi/mac/rudy/g05_80.3
The input graph has 80 nodes and 1580 edges, edge weights are integers.

BEST VALUE = 923.000000
BEST CUT = -1 1 1 -1 -1 1 1 -1 -1 -1 1 -1 1 1 1 -1 -1 1 -1 -1 1 1 1 1 -1 1 1 1 1 1 -1 1 -1 -1 1 1 -1 -1 -1 1 -1 -1 1 -1 1 1 1 -1 -1 -1 -1 -1 1 -1 -1 1 1 -1 -1 1 -1 1 -1 -1 -1 1 -1 -1 1 1 1 -1 1 1 1 1 -1 1 1 -1 
ONE SIDE OF CUT = 2 3 6 7 11 13 14 15 18 21 22 23 24 26 27 28 29 30 32 35 36 40 43 45 46 47 53 56 57 60 62 66 69 70 71 73 74 75 76 78 79 
B&B nodes = 603
maxQueueSize = 106
maxWorkers = 95
TIME: 21.00 sec




PS:

Read file <myError.err> for stderr output of this job.

Sender: LSF System <lsfadmin@cn22>
Subject: Job 46480: <#!/bin/sh; #BSUB -a openmpi;#BSUB -q normal;#BSUB -n 96;#BSUB -o myOutput.out;#BSUB -e myError.err;  mpirun bab testni\ grafi/mac/rudy/g05_80.3> in cluster <hpcfs> Exited

Job <#!/bin/sh; #BSUB -a openmpi;#BSUB -q normal;#BSUB -n 96;#BSUB -o myOutput.out;#BSUB -e myError.err;  mpirun bab testni\ grafi/mac/rudy/g05_80.3> was submitted from host <cn59> by user <hrgat> in cluster <hpcfs>.
Job was executed on host(s) <12*cn22>, in queue <normal>, as user <hrgat> in cluster <hpcfs>.
                            <12*cn24>
                            <12*cn40>
                            <12*cn43>
                            <12*cn11>
                            <12*cn17>
                            <12*cn18>
                            <12*cn19>
</home/hrgat> was used as the home directory.
</home/hrgat/BiqMac_parallel> was used as the working directory.
Started at Fri Feb 15 18:43:23 2019
Results reported at Fri Feb 15 18:43:28 2019

Your job looked like:

------------------------------------------------------------
# LSBATCH: User input
#!/bin/sh

#BSUB -a openmpi
#BSUB -q normal
#BSUB -n 96
#BSUB -o myOutput.out
#BSUB -e myError.err


mpirun bab testni\ grafi/mac/rudy/g05_80.3


------------------------------------------------------------

Exited with exit code 139.

Resource usage summary:

    CPU time :               14.61 sec.
    Total Requested Memory : -
    Delta Memory :           -
    (Delta: the difference between total requested memory and actual max usage.)

The output (if any) follows:

graph: testni grafi/mac/rudy/g05_80.3
ERROR!
ERROR!
ERROR!
ERROR!
ERROR!
ERROR!
ERROR!
ERROR!
ERROR!
ERROR!
ERROR!
ERROR!
ERROR!
ERROR!
ERROR!
ERROR!
ERROR!
ERROR!
ERROR!
ERROR!
ERROR!
ERROR!
ERROR!
ERROR!
ERROR!
ERROR!
ERROR!
ERROR!
ERROR!
ERROR!
ERROR!
ERROR!
ERROR!
ERROR!
ERROR!
ERROR!
ERROR!
ERROR!
ERROR!
ERROR!
ERROR!
ERROR!
ERROR!
ERROR!
ERROR!
ERROR!
ERROR!
ERROR!
ERROR!
ERROR!
ERROR!
ERROR!
ERROR!
ERROR!
ERROR!
ERROR!
ERROR!
ERROR!
ERROR!
ERROR!
ERROR!
ERROR!
ERROR!
ERROR!
ERROR!
ERROR!
ERROR!
ERROR!
ERROR!
ERROR!
ERROR!
ERROR!
ERROR!
ERROR!
ERROR!
ERROR!
ERROR!
ERROR!
ERROR!
ERROR!
ERROR!
ERROR!
ERROR!
ERROR!
ERROR!
ERROR!
ERROR!
ERROR!
ERROR!
ERROR!
ERROR!
ERROR!
ERROR!
ERROR!
ERROR!
ERROR!
--------------------------------------------------------------------------
mpirun noticed that process rank 34 with PID 0 on node cn40 exited on signal 11 (Segmentation fault).
--------------------------------------------------------------------------


PS:

Read file <myError.err> for stderr output of this job.

Sender: LSF System <lsfadmin@cn22>
Subject: Job 46481: <#!/bin/sh; #BSUB -a openmpi;#BSUB -q normal;#BSUB -n 96;#BSUB -o myOutput.out;#BSUB -e myError.err;  mpirun bab data/mac/rudy/g05_80.3> in cluster <hpcfs> Done

Job <#!/bin/sh; #BSUB -a openmpi;#BSUB -q normal;#BSUB -n 96;#BSUB -o myOutput.out;#BSUB -e myError.err;  mpirun bab data/mac/rudy/g05_80.3> was submitted from host <cn59> by user <hrgat> in cluster <hpcfs>.
Job was executed on host(s) <12*cn22>, in queue <normal>, as user <hrgat> in cluster <hpcfs>.
                            <12*cn24>
                            <12*cn29>
                            <12*cn42>
                            <12*cn43>
                            <12*cn12>
                            <12*cn17>
                            <12*cn18>
</home/hrgat> was used as the home directory.
</home/hrgat/BiqMac_parallel> was used as the working directory.
Started at Fri Feb 15 18:45:53 2019
Results reported at Fri Feb 15 18:46:16 2019

Your job looked like:

------------------------------------------------------------
# LSBATCH: User input
#!/bin/sh

#BSUB -a openmpi
#BSUB -q normal
#BSUB -n 96
#BSUB -o myOutput.out
#BSUB -e myError.err


mpirun bab data/mac/rudy/g05_80.3


------------------------------------------------------------

Successfully completed.

Resource usage summary:

    CPU time :               2130.43 sec.
    Total Requested Memory : -
    Delta Memory :           -
    (Delta: the difference between total requested memory and actual max usage.)

The output (if any) follows:

graph: data/mac/rudy/g05_80.3
The input graph has 80 nodes and 1580 edges, edge weights are integers.

BEST VALUE = 923.000000
BEST CUT = -1 1 1 -1 -1 1 1 -1 -1 -1 1 -1 1 1 1 -1 -1 1 -1 -1 1 1 1 1 -1 1 1 1 1 1 -1 1 -1 -1 1 1 -1 -1 -1 1 -1 -1 1 -1 1 1 1 -1 -1 -1 -1 -1 1 -1 -1 1 1 -1 -1 1 -1 1 -1 -1 -1 1 -1 -1 1 1 1 -1 1 1 1 1 -1 1 1 -1 
ONE SIDE OF CUT = 2 3 6 7 11 13 14 15 18 21 22 23 24 26 27 28 29 30 32 35 36 40 43 45 46 47 53 56 57 60 62 66 69 70 71 73 74 75 76 78 79 
B&B nodes = 603
maxQueueSize = 101
maxWorkers = 95
TIME: 22.00 sec




PS:

Read file <myError.err> for stderr output of this job.

Sender: LSF System <lsfadmin@cn54>
Subject: Job 46482: <#!/bin/sh; #BSUB -a openmpi;#BSUB -q normal;#BSUB -n 96;#BSUB -o myOutput.out;#BSUB -e myError.err;  mpirun bab data/mac/rudy/g05_80.3> in cluster <hpcfs> Done

Job <#!/bin/sh; #BSUB -a openmpi;#BSUB -q normal;#BSUB -n 96;#BSUB -o myOutput.out;#BSUB -e myError.err;  mpirun bab data/mac/rudy/g05_80.3> was submitted from host <cn59> by user <hrgat> in cluster <hpcfs>.
Job was executed on host(s) <12*cn54>, in queue <normal>, as user <hrgat> in cluster <hpcfs>.
                            <12*cn19>
                            <12*cn30>
                            <12*cn31>
                            <12*cn32>
                            <12*cn33>
                            <12*cn34>
                            <12*cn35>
</home/hrgat> was used as the home directory.
</home/hrgat/BiqMac_parallel> was used as the working directory.
Started at Fri Feb 15 18:46:01 2019
Results reported at Fri Feb 15 18:46:23 2019

Your job looked like:

------------------------------------------------------------
# LSBATCH: User input
#!/bin/sh

#BSUB -a openmpi
#BSUB -q normal
#BSUB -n 96
#BSUB -o myOutput.out
#BSUB -e myError.err


mpirun bab data/mac/rudy/g05_80.3


------------------------------------------------------------

Successfully completed.

Resource usage summary:

    CPU time :               2047.99 sec.
    Total Requested Memory : -
    Delta Memory :           -
    (Delta: the difference between total requested memory and actual max usage.)

The output (if any) follows:

graph: data/mac/rudy/g05_80.3
The input graph has 80 nodes and 1580 edges, edge weights are integers.

BEST VALUE = 923.000000
BEST CUT = -1 1 1 -1 -1 1 1 -1 -1 -1 1 -1 1 1 1 -1 -1 1 -1 -1 1 1 1 1 -1 1 1 1 1 1 -1 1 -1 -1 1 1 -1 -1 -1 1 -1 -1 1 -1 1 1 1 -1 -1 -1 -1 -1 1 -1 -1 1 1 -1 -1 1 -1 1 -1 -1 -1 1 -1 -1 1 1 1 -1 1 1 1 1 -1 1 1 -1 
ONE SIDE OF CUT = 2 3 6 7 11 13 14 15 18 21 22 23 24 26 27 28 29 30 32 35 36 40 43 45 46 47 53 56 57 60 62 66 69 70 71 73 74 75 76 78 79 
B&B nodes = 603
maxQueueSize = 103
maxWorkers = 95
TIME: 21.00 sec




PS:

Read file <myError.err> for stderr output of this job.

