[cn54:19099] *** Process received signal ***
[cn54:19099] Signal: Segmentation fault (11)
[cn54:19099] Signal code: Address not mapped (1)
[cn54:19099] Failing at address: 0x10
[cn54:19099] [ 0] /lib64/libpthread.so.0(+0xf370)[0x2b9b46438370]
[cn54:19099] [ 1] bab[0x407d2e]
[cn54:19099] [ 2] bab[0x402a13]
[cn54:19099] [ 3] /lib64/libc.so.6(__libc_start_main+0xf5)[0x2b9b46666b35]
[cn54:19099] [ 4] bab[0x402a43]
[cn54:19099] *** End of error message ***
[cn54:19379] *** Process received signal ***
[cn54:19379] Signal: Segmentation fault (11)
[cn54:19379] Signal code: Address not mapped (1)
[cn54:19379] Failing at address: 0x10
[cn54:19379] [ 0] /lib64/libpthread.so.0(+0xf370)[0x2aaacb912370]
[cn54:19379] [ 1] bab[0x407d2e]
[cn54:19379] [ 2] bab[0x402a13]
[cn54:19379] [ 3] /lib64/libc.so.6(__libc_start_main+0xf5)[0x2aaacbb40b35]
[cn54:19379] [ 4] bab[0x402a43]
[cn54:19379] *** End of error message ***
/home/hrgat/.lsbatch/1539757366.43923.shell: line 9: mpirun: command not found
/home/hrgat/.lsbatch/1539757416.43924.shell: line 9: mpirun: command not found
/home/biqbin/.lsbatch/1550216523.46304.shell: line 9: mpirun: command not found
[cn39:18039] *** Process received signal ***
[cn39:18039] Signal: Segmentation fault (11)
[cn39:18039] Signal code: Address not mapped (1)
[cn39:18039] Failing at address: 0x41
[cn39:18039] [ 0] /lib64/libpthread.so.0(+0xf370)[0x2afc41289370]
[cn39:18039] [ 1] bab[0x408d96]
[cn39:18039] [ 2] bab[0x407acc]
[cn39:18039] [ 3] bab[0x402b13]
[cn39:18039] [ 4] /lib64/libc.so.6(__libc_start_main+0xf5)[0x2afc414b7b35]
[cn39:18039] [ 5] bab[0x402b43]
[cn39:18039] *** End of error message ***
