Sender: LSF System <lsfadmin@cn30>
Subject: Job 46354: <#!/bin/sh; #BSUB -a openmpi;#BSUB -q normal;#BSUB -n 48;#BSUB -oo myOutput.out;#BSUB -e myError.err; mpirun bab testni\ grafi/mac/rudy/g05_80.0> in cluster <hpcfs> Done

Job <#!/bin/sh; #BSUB -a openmpi;#BSUB -q normal;#BSUB -n 48;#BSUB -oo myOutput.out;#BSUB -e myError.err; mpirun bab testni\ grafi/mac/rudy/g05_80.0> was submitted from host <cn31> by user <biqbin> in cluster <hpcfs>.
Job was executed on host(s) <12*cn30>, in queue <normal>, as user <biqbin> in cluster <hpcfs>.
                            <12*cn35>
                            <12*cn36>
                            <12*cn39>
</home/biqbin> was used as the home directory.
</home/biqbin/BiqBinFiles/Bin/BiqMac5/version_3> was used as the working directory.
Started at Fri Feb 15 10:36:15 2019
Results reported at Fri Feb 15 10:36:30 2019

Your job looked like:

------------------------------------------------------------
# LSBATCH: User input
#!/bin/sh

#BSUB -a openmpi
#BSUB -q normal
#BSUB -n 48
#BSUB -oo myOutput.out
#BSUB -e myError.err

mpirun bab testni\ grafi/mac/rudy/g05_80.0

------------------------------------------------------------

Successfully completed.

Resource usage summary:

    CPU time :               668.80 sec.
    Total Requested Memory : -
    Delta Memory :           -
    (Delta: the difference between total requested memory and actual max usage.)

The output (if any) follows:

graph: testni grafi/mac/rudy/g05_80.0
The input graph has 80 nodes and 1580 edges, edge weights are integers.

BEST VALUE = 929.000000
BEST CUT: -1 -1 1 -1 -1 -1 -1 1 1 1 -1 1 1 -1 1 -1 -1 1 1 -1 -1 1 -1 1 -1 -1 -1 1 -1 -1 1 1 1 -1 -1 1 1 1 -1 -1 -1 -1 1 1 1 -1 1 -1 -1 1 1 1 1 -1 1 1 1 1 1 -1 1 -1 1 -1 -1 -1 -1 1 1 1 -1 -1 -1 1 1 -1 -1 1 -1 -1 
ONE SIDE OF THE CUT: 3 8 9 10 12 13 15 18 19 22 24 28 31 32 33 36 37 38 43 44 45 47 50 51 52 53 55 56 57 58 59 61 63 68 69 70 74 75 78 
B&B nodes = 59
maxQueueSize = 2
maxWorkers = 22
TIME: 14.00 sec




PS:

Read file <myError.err> for stderr output of this job.

