Input file: Instances/biq2mc/be/be120.8.1.sparse.mc

Graph has 121 vertices and 5764 edges.
BiqBin parameters:
    init_bundle_iter = 3
     max_bundle_iter = 15
          triag_iter = 5
           pent_iter = 5
           hept_iter = 5
      max_outer_iter = 20
          extra_iter = 10
    violated_TriIneq = 0.001000
             TriIneq = 1210
      adjust_TriIneq = 1
            PentIneq = 5000
           HeptaIneq = 5000
         Pent_Trials = 60
        Hepta_Trials = 50
        include_Pent = 1
       include_Hepta = 1
                root = 0
            use_diff = 1
          time_limit = 0
   branchingStrategy = 1

Time(master) before sending jobs to workers: 4.52

Nodes = 35
Root node bound = 18973.332
Maximum value = 18691
Solution = ( 2 5 6 8 9 11 16 17 23 24 25 26 27 29 30 31 32 34 35 36 38 40 41 43 45 47 49 50 52 55 56 58 60 62 63 65 66 67 68 69 71 73 74 75 77 78 81 82 83 84 85 87 89 90 92 93 95 98 99 100 101 102 104 106 109 110 111 112 113 115 117 119 )
Time = 28.07 s

Number of cores: 24
Maximum number of workers used: 14
