Input file: Instances/biq2mc/be/be150.3.1.sparse.mc

Graph has 151 vertices and 3500 edges.
BiqBin parameters:
    init_bundle_iter = 3
     max_bundle_iter = 15
          triag_iter = 5
           pent_iter = 5
           hept_iter = 5
      max_outer_iter = 20
          extra_iter = 10
    violated_TriIneq = 0.001000
             TriIneq = 1510
      adjust_TriIneq = 1
            PentIneq = 5000
           HeptaIneq = 5000
         Pent_Trials = 60
        Hepta_Trials = 50
        include_Pent = 1
       include_Hepta = 1
                root = 0
            use_diff = 1
          time_limit = 0
   branchingStrategy = 1

Time(master) before sending jobs to workers: 23.68

Nodes = 5
Root node bound = 18892.829
Maximum value = 18889
Solution = ( 1 3 6 7 8 14 16 20 21 22 28 32 33 36 39 40 42 43 44 45 48 49 50 54 63 64 65 71 78 79 80 81 82 84 88 92 93 96 98 100 107 110 112 114 115 124 127 128 132 137 139 140 141 143 146 147 148 )
Time = 43.51 s

Number of cores: 24
Maximum number of workers used: 3
