Input file: Instances/biq2mc/be/be150.8.1.sparse.mc

Graph has 151 vertices and 8981 edges.
BiqBin parameters:
    init_bundle_iter = 3
     max_bundle_iter = 15
          triag_iter = 5
           pent_iter = 5
           hept_iter = 5
      max_outer_iter = 20
          extra_iter = 10
    violated_TriIneq = 0.001000
             TriIneq = 1510
      adjust_TriIneq = 1
            PentIneq = 5000
           HeptaIneq = 5000
         Pent_Trials = 60
        Hepta_Trials = 50
        include_Pent = 1
       include_Hepta = 1
                root = 0
            use_diff = 1
          time_limit = 0
   branchingStrategy = 1

Time(master) before sending jobs to workers: 7.46

Nodes = 37
Root node bound = 27484.630
Maximum value = 27089
Solution = ( 2 4 5 6 7 14 18 19 20 21 22 23 25 26 27 28 30 31 32 33 34 36 38 39 41 43 46 50 52 53 55 56 57 59 61 63 65 67 68 69 71 72 74 76 77 78 79 80 81 82 84 85 86 90 92 93 94 95 96 99 100 101 105 106 107 108 109 110 111 113 114 115 117 119 122 123 125 126 127 128 129 131 132 133 134 135 136 137 138 139 140 141 142 143 146 149 )
Time = 62.29 s

Number of cores: 24
Maximum number of workers used: 15
