Sender: LSF System <lsfadmin@cn59>
Subject: Job 35648: <mpirun -np 2 ./bab testni\ grafi/mac/rudy/g05_100.2> in cluster <hpcfs> Done

Job <mpirun -np 2 ./bab testni\ grafi/mac/rudy/g05_100.2> was submitted from host <cn54> by user <avegikalamar> in cluster <hpcfs>.
Job was executed on host(s) <2*cn59>, in queue <normal>, as user <avegikalamar> in cluster <hpcfs>.
</home/avegikalamar> was used as the home directory.
</home/avegikalamar/BiqMac4> was used as the working directory.
Started at Wed Aug 30 20:11:57 2017
Results reported at Wed Aug 30 20:26:45 2017

Your job looked like:

------------------------------------------------------------
# LSBATCH: User input
mpirun -np 2 ./bab testni\ grafi/mac/rudy/g05_100.2
------------------------------------------------------------

Successfully completed.

Resource usage summary:

    CPU time :               1778.59 sec.
    Max Memory :             52 MB
    Average Memory :         49.87 MB
    Total Requested Memory : -
    Delta Memory :           -
    (Delta: the difference between total requested memory and actual max usage.)
    Max Swap :               1310 MB

    Max Processes :          5
    Max Threads :            14

The output (if any) follows:

The input graph has 100 nodes and 2475 edges, edge weights are integers.

NAJBOLJSA VREDNOST = 1432.000000
NAJBOLJSI PREREZ = -1 -1 -1 1 -1 -1 1 -1 1 1 1 -1 -1 1 -1 -1 1 -1 1 1 1 1 -1 1 1 1 1 1 1 1 -1 -1 1 -1 -1 -1 1 1 -1 -1 -1 1 -1 1 1 1 1 -1 -1 -1 -1 1 1 1 -1 1 1 -1 1 1 -1 -1 -1 1 -1 1 -1 -1 -1 -1 1 1 -1 -1 -1 1 1 1 -1 -1 1 -1 1 1 -1 -1 -1 1 1 -1 1 1 -1 1 -1 -1 -1 1 1 -1 
ENA STRAN PREREZA = 4 7 9 10 11 14 17 19 20 21 22 24 25 26 27 28 29 30 33 37 38 42 44 45 46 47 52 53 54 56 57 59 60 64 66 71 72 76 77 78 81 83 84 88 89 91 92 94 98 99 

B&B vozlisc = 273
Najvec zasedenih delavcev = 0
Cas: 888.00 sec


PS:

Read file <g05_100.2.err> for stderr output of this job.