Sender: LSF System <lsfadmin@cn21>
Subject: Job 35691: <mpirun -np 96 ./bab testni\ grafi/mac/rudy/g05_100.3> in cluster <hpcfs> Done

Job <mpirun -np 96 ./bab testni\ grafi/mac/rudy/g05_100.3> was submitted from host <cn56> by user <avegikalamar> in cluster <hpcfs>.
Job was executed on host(s) <12*cn21>, in queue <normal>, as user <avegikalamar> in cluster <hpcfs>.
                            <12*cn45>
                            <12*cn46>
                            <12*cn47>
                            <12*cn48>
                            <12*cn49>
                            <12*cn10>
                            <12*cn11>
</home/avegikalamar> was used as the home directory.
</home/avegikalamar/BiqMac4> was used as the working directory.
Started at Thu Aug 31 08:06:47 2017
Results reported at Thu Aug 31 08:08:43 2017

Your job looked like:

------------------------------------------------------------
# LSBATCH: User input
mpirun -np 96 ./bab testni\ grafi/mac/rudy/g05_100.3
------------------------------------------------------------

Successfully completed.

Resource usage summary:

    CPU time :               11016.51 sec.
    Max Memory :             2104 MB
    Average Memory :         2104.00 MB
    Total Requested Memory : -
    Delta Memory :           -
    (Delta: the difference between total requested memory and actual max usage.)
    Max Processes :          91
    Max Threads :            280

The output (if any) follows:

The input graph has 100 nodes and 2475 edges, edge weights are integers.

NAJBOLJSA VREDNOST = 1424.000000
NAJBOLJSI PREREZ = -1 1 1 -1 1 1 1 -1 -1 -1 -1 -1 1 1 -1 -1 -1 -1 -1 -1 1 1 1 1 -1 1 1 -1 -1 -1 1 -1 1 1 1 1 1 1 1 1 -1 1 1 1 -1 -1 1 1 1 -1 -1 -1 -1 -1 1 1 -1 1 1 1 -1 -1 1 -1 1 -1 -1 -1 -1 1 1 -1 -1 1 -1 1 1 1 1 -1 -1 1 -1 1 -1 -1 -1 1 -1 -1 1 -1 1 -1 1 -1 -1 -1 -1 1 
ENA STRAN PREREZA = 2 3 5 6 7 13 14 21 22 23 24 26 27 31 33 34 35 36 37 38 39 40 42 43 44 47 48 49 55 56 58 59 60 63 65 70 71 74 76 77 78 79 82 84 88 91 93 95 100 

B&B vozlisc = 2977
Najvec zasedenih delavcev = 94
Cas: 115.00 sec


PS:

Read file <err96.err> for stderr output of this job.