Sender: LSF System <lsfadmin@cn29>
Subject: Job 36165: <mpirun -np 96 ./bab testni\ grafi/mac/ising/ising2.5-250_5555> in cluster <hpcfs> Done

Job <mpirun -np 96 ./bab testni\ grafi/mac/ising/ising2.5-250_5555> was submitted from host <prelog> by user <avegikalamar> in cluster <hpcfs>.
Job was executed on host(s) <12*cn29>, in queue <normal>, as user <avegikalamar> in cluster <hpcfs>.
                            <12*cn40>
                            <12*cn42>
                            <12*cn44>
                            <12*cn46>
                            <12*cn18>
                            <12*cn47>
                            <12*cn48>
</home/avegikalamar> was used as the home directory.
</home/avegikalamar/BiqMac5> was used as the working directory.
Started at Wed Sep 13 20:41:40 2017
Results reported at Wed Sep 13 20:56:15 2017

Your job looked like:

------------------------------------------------------------
# LSBATCH: User input
mpirun -np 96 ./bab testni\ grafi/mac/ising/ising2.5-250_5555
------------------------------------------------------------

Successfully completed.

Resource usage summary:

    CPU time :               83942.96 sec.
    Max Memory :             1323 MB
    Average Memory :         909.31 MB
    Total Requested Memory : -
    Delta Memory :           -
    (Delta: the difference between total requested memory and actual max usage.)
    Max Processes :          91
    Max Threads :            280

The output (if any) follows:

graph: testni grafi/mac/ising/ising2.5-250_5555
The input graph has 250 nodes and 31125 edges, edge weights are integers.

BEST VALUE = 7919449.000000
BEST CUT = 1 1 -1 -1 1 -1 -1 -1 -1 1 -1 1 -1 1 -1 1 -1 1 -1 -1 -1 -1 -1 -1 -1 1 1 1 -1 -1 1 -1 -1 1 1 -1 -1 1 1 1 -1 1 -1 -1 1 -1 1 1 1 -1 -1 1 -1 -1 1 1 -1 -1 1 -1 -1 1 1 1 -1 1 -1 -1 1 1 1 -1 -1 1 -1 1 1 1 1 -1 1 -1 -1 1 -1 -1 -1 1 -1 -1 -1 1 -1 1 -1 1 -1 -1 1 -1 -1 1 -1 -1 -1 -1 -1 -1 -1 1 -1 1 1 1 -1 -1 -1 -1 1 -1 -1 -1 -1 1 -1 -1 -1 -1 -1 1 -1 1 1 1 -1 1 -1 -1 1 -1 1 1 -1 1 1 1 1 1 -1 -1 -1 1 -1 -1 -1 -1 -1 1 1 1 1 -1 1 -1 1 1 -1 -1 1 1 1 -1 -1 1 1 1 1 -1 -1 1 -1 -1 -1 1 -1 1 1 1 -1 1 -1 1 1 -1 -1 -1 1 1 -1 -1 1 -1 -1 1 -1 1 -1 -1 1 1 -1 -1 1 1 -1 -1 -1 1 -1 -1 1 -1 1 -1 1 -1 1 -1 1 -1 1 1 -1 1 1 -1 -1 1 1 1 1 1 1 -1 -1 1 1 -1 1 -1 
ONE SIDE OF CUT = 1 2 5 10 12 14 16 18 26 27 28 31 34 35 38 39 40 42 45 47 48 49 52 55 56 59 62 63 64 66 69 70 71 74 76 77 78 79 81 84 88 92 94 96 99 102 110 112 113 114 119 124 130 132 133 134 136 139 141 142 144 145 146 147 148 152 158 159 160 161 163 165 166 169 170 171 174 175 176 177 180 184 186 187 188 190 192 193 197 198 201 204 206 209 210 213 214 218 221 223 225 227 229 231 232 234 235 238 239 240 241 242 243 246 247 249 
B&B nodes = 159
maxQueueSize = 2
maxWorkers = 52
TIME: 875.00 sec




PS:

Read file <ising2.5-250_5555_96.err> for stderr output of this job.

