Sender: LSF System <lsfadmin@cn24>
Subject: Job 36160: <mpirun -np 96 ./bab testni\ grafi/mac/ising/ising3.0-300_6666> in cluster <hpcfs> Done

Job <mpirun -np 96 ./bab testni\ grafi/mac/ising/ising3.0-300_6666> was submitted from host <prelog> by user <avegikalamar> in cluster <hpcfs>.
Job was executed on host(s) <12*cn24>, in queue <normal>, as user <avegikalamar> in cluster <hpcfs>.
                            <12*cn29>
                            <12*cn40>
                            <12*cn41>
                            <12*cn42>
                            <12*cn43>
                            <12*cn44>
                            <12*cn45>
</home/avegikalamar> was used as the home directory.
</home/avegikalamar/BiqMac5> was used as the working directory.
Started at Wed Sep 13 20:22:11 2017
Results reported at Wed Sep 13 20:34:27 2017

Your job looked like:

------------------------------------------------------------
# LSBATCH: User input
mpirun -np 96 ./bab testni\ grafi/mac/ising/ising3.0-300_6666
------------------------------------------------------------

Successfully completed.

Resource usage summary:

    CPU time :               69094.26 sec.
    Max Memory :             487 MB
    Average Memory :         487.00 MB
    Total Requested Memory : -
    Delta Memory :           -
    (Delta: the difference between total requested memory and actual max usage.)
    Max Processes :          91
    Max Threads :            280

The output (if any) follows:

graph: testni grafi/mac/ising/ising3.0-300_6666
The input graph has 300 nodes and 44850 edges, edge weights are integers.

BEST VALUE = 8915110.000000
BEST CUT = 1 1 -1 -1 -1 -1 1 1 -1 1 1 1 1 1 1 1 1 1 -1 1 -1 1 -1 1 -1 -1 1 -1 -1 -1 1 -1 -1 -1 -1 -1 1 1 -1 -1 -1 -1 1 1 -1 -1 1 -1 1 -1 -1 1 -1 -1 1 1 1 -1 -1 1 1 -1 -1 1 -1 1 1 -1 1 1 -1 -1 1 -1 -1 1 -1 1 -1 -1 -1 1 -1 1 -1 -1 -1 -1 1 -1 1 -1 -1 -1 1 1 1 -1 1 1 -1 1 -1 1 -1 1 -1 -1 1 -1 1 -1 -1 -1 1 -1 1 1 -1 1 -1 -1 1 -1 -1 -1 -1 -1 1 1 -1 1 -1 -1 -1 1 -1 1 -1 1 -1 1 -1 1 -1 1 -1 -1 1 -1 1 -1 1 1 -1 1 -1 -1 -1 1 1 1 1 1 1 -1 -1 -1 -1 -1 -1 -1 1 1 1 1 -1 -1 -1 1 1 1 1 -1 1 1 1 1 1 1 -1 -1 1 1 1 -1 1 -1 -1 -1 -1 -1 1 -1 1 1 -1 1 -1 -1 1 1 1 -1 1 1 1 -1 1 1 -1 1 -1 1 -1 -1 1 1 -1 -1 1 -1 -1 -1 1 1 1 1 1 -1 -1 -1 -1 1 1 1 1 1 1 1 -1 -1 -1 1 1 1 -1 -1 1 1 -1 -1 -1 -1 1 -1 1 -1 -1 1 -1 -1 1 1 -1 -1 1 -1 -1 -1 1 -1 1 -1 -1 -1 1 1 1 1 -1 -1 -1 -1 -1 1 1 -1 1 1 
ONE SIDE OF CUT = 1 2 7 8 10 11 12 13 14 15 16 17 18 20 22 24 27 31 37 38 43 44 47 49 52 55 56 57 60 61 64 66 67 69 70 73 76 78 82 84 89 91 95 96 97 99 100 102 104 106 109 111 115 117 118 120 123 129 130 132 136 138 140 142 144 146 149 151 153 154 156 160 161 162 163 164 165 173 174 175 176 180 181 182 183 185 186 187 188 189 190 193 194 195 197 203 205 206 208 211 212 213 215 216 217 219 220 222 224 227 228 231 235 236 237 238 239 244 245 246 247 248 249 250 254 255 256 259 260 265 267 270 273 274 277 281 283 287 288 289 290 296 297 299 300 
B&B nodes = 19
maxQueueSize = 2
maxWorkers = 7
TIME: 720.00 sec




PS:

Read file <ising3.0-300_6666_96.err> for stderr output of this job.

