Sender: LSF System <lsfadmin@cn56>
Subject: Job 36133: <mpirun -np 96 ./bab testni\ grafi/mac/ising/ising2.5-150_5555> in cluster <hpcfs> Done

Job <mpirun -np 96 ./bab testni\ grafi/mac/ising/ising2.5-150_5555> was submitted from host <prelog> by user <avegikalamar> in cluster <hpcfs>.
Job was executed on host(s) <12*cn56>, in queue <normal>, as user <avegikalamar> in cluster <hpcfs>.
                            <12*cn57>
                            <12*cn58>
                            <12*cn59>
                            <12*cn20>
                            <12*cn21>
                            <12*cn22>
                            <12*cn23>
</home/avegikalamar> was used as the home directory.
</home/avegikalamar/BiqMac5> was used as the working directory.
Started at Wed Sep 13 18:56:00 2017
Results reported at Wed Sep 13 18:57:31 2017

Your job looked like:

------------------------------------------------------------
# LSBATCH: User input
mpirun -np 96 ./bab testni\ grafi/mac/ising/ising2.5-150_5555
------------------------------------------------------------

Successfully completed.

Resource usage summary:

    CPU time :               8487.69 sec.
    Max Memory :             524 MB
    Average Memory :         524.00 MB
    Total Requested Memory : -
    Delta Memory :           -
    (Delta: the difference between total requested memory and actual max usage.)
    Max Processes :          91
    Max Threads :            280

The output (if any) follows:

graph: testni grafi/mac/ising/ising2.5-150_5555
The input graph has 150 nodes and 11175 edges, edge weights are integers.

BEST VALUE = 4363532.000000
BEST CUT = -1 -1 1 -1 1 -1 1 1 1 1 1 -1 -1 -1 1 -1 1 1 -1 -1 -1 1 -1 1 1 1 1 1 1 -1 1 -1 -1 -1 -1 1 -1 -1 -1 -1 -1 1 -1 1 -1 -1 -1 -1 1 1 -1 1 -1 1 1 1 -1 -1 -1 1 -1 -1 1 -1 -1 -1 -1 -1 1 -1 1 1 -1 -1 1 -1 -1 -1 -1 1 1 1 -1 1 -1 1 -1 1 -1 1 -1 -1 -1 -1 1 -1 1 1 -1 -1 -1 1 -1 1 1 1 -1 -1 -1 -1 1 1 1 -1 1 -1 1 -1 -1 -1 1 -1 -1 -1 1 1 -1 1 -1 -1 -1 -1 1 1 1 1 -1 1 -1 1 1 -1 -1 1 -1 1 1 1 -1 1 
ONE SIDE OF CUT = 3 5 7 8 9 10 11 15 17 18 22 24 25 26 27 28 29 31 36 42 44 49 50 52 54 55 56 60 63 69 71 72 75 80 81 82 84 86 88 90 95 97 98 102 104 105 106 111 112 113 115 117 121 125 126 128 133 134 135 136 138 140 141 144 146 147 148 150 
B&B nodes = 11
maxQueueSize = 2
maxWorkers = 4
TIME: 89.00 sec




PS:

Read file <ising2.5-150_5555_96.err> for stderr output of this job.

