Sender: LSF System <lsfadmin@cn56>
Subject: Job 36167: <mpirun -np 96 ./bab testni\ grafi/mac/ising/ising2.5-250_7777> in cluster <hpcfs> Done

Job <mpirun -np 96 ./bab testni\ grafi/mac/ising/ising2.5-250_7777> was submitted from host <prelog> by user <avegikalamar> in cluster <hpcfs>.
Job was executed on host(s) <12*cn56>, in queue <normal>, as user <avegikalamar> in cluster <hpcfs>.
                            <12*cn20>
                            <12*cn21>
                            <12*cn22>
                            <12*cn57>
                            <12*cn49>
                            <12*cn17>
                            <12*cn32>
</home/avegikalamar> was used as the home directory.
</home/avegikalamar/BiqMac5> was used as the working directory.
Started at Wed Sep 13 20:48:20 2017
Results reported at Wed Sep 13 20:59:35 2017

Your job looked like:

------------------------------------------------------------
# LSBATCH: User input
mpirun -np 96 ./bab testni\ grafi/mac/ising/ising2.5-250_7777
------------------------------------------------------------

Successfully completed.

Resource usage summary:

    CPU time :               64644.66 sec.
    Max Memory :             606 MB
    Average Memory :         568.87 MB
    Total Requested Memory : -
    Delta Memory :           -
    (Delta: the difference between total requested memory and actual max usage.)
    Max Processes :          91
    Max Threads :            280

The output (if any) follows:

graph: testni grafi/mac/ising/ising2.5-250_7777
The input graph has 250 nodes and 31125 edges, edge weights are integers.

BEST VALUE = 6596797.000000
BEST CUT = -1 1 -1 -1 1 -1 -1 1 1 -1 1 1 -1 1 1 1 1 1 -1 1 1 1 1 1 -1 -1 1 1 -1 -1 1 1 -1 1 -1 1 1 1 -1 1 1 1 1 1 -1 1 1 1 1 1 -1 -1 1 1 -1 -1 -1 1 1 -1 1 1 1 -1 -1 -1 -1 -1 -1 -1 -1 1 1 1 -1 1 1 1 1 -1 1 1 1 -1 1 1 1 1 -1 1 -1 -1 -1 -1 1 1 -1 1 1 1 1 -1 -1 1 1 -1 1 1 1 1 -1 -1 -1 1 -1 1 -1 -1 -1 1 1 -1 1 1 -1 1 -1 -1 -1 -1 1 1 1 1 -1 -1 1 -1 -1 1 1 -1 -1 -1 -1 1 1 1 -1 1 -1 -1 -1 -1 -1 1 -1 -1 1 1 1 -1 1 -1 -1 -1 -1 1 1 1 -1 1 -1 -1 1 1 1 -1 1 1 -1 -1 1 -1 1 -1 -1 1 1 1 -1 -1 1 -1 -1 1 -1 -1 -1 -1 1 1 -1 1 -1 1 1 1 1 -1 1 -1 -1 1 1 -1 1 -1 -1 -1 1 -1 1 1 -1 -1 -1 -1 1 -1 -1 -1 -1 1 -1 -1 1 1 -1 -1 1 -1 1 1 -1 -1 1 -1 1 1 
ONE SIDE OF CUT = 2 5 8 9 11 12 14 15 16 17 18 20 21 22 23 24 27 28 31 32 34 36 37 38 40 41 42 43 44 46 47 48 49 50 53 54 58 59 61 62 63 72 73 74 76 77 78 79 81 82 83 85 86 87 88 90 95 96 98 99 100 101 104 105 107 108 109 110 114 116 120 121 123 124 126 131 132 133 134 137 140 141 146 147 148 150 156 159 160 161 163 168 169 170 172 175 176 177 179 180 183 185 188 189 190 193 196 201 202 204 206 207 208 209 211 214 215 217 221 223 224 229 234 237 238 241 243 244 247 249 250 
B&B nodes = 51
maxQueueSize = 2
maxWorkers = 16
TIME: 674.00 sec




PS:

Read file <ising2.5-250_7777_96.err> for stderr output of this job.

