Sender: LSF System <lsfadmin@cn08>
Subject: Job 36168: <mpirun -np 96 ./bab testni\ grafi/mac/ising/ising3.0-250_5555> in cluster <hpcfs> Done

Job <mpirun -np 96 ./bab testni\ grafi/mac/ising/ising3.0-250_5555> was submitted from host <prelog> by user <avegikalamar> in cluster <hpcfs>.
Job was executed on host(s) <12*cn08>, in queue <normal>, as user <avegikalamar> in cluster <hpcfs>.
                            <12*cn50>
                            <12*cn51>
                            <12*cn07>
                            <12*cn29>
                            <12*cn40>
                            <12*cn42>
                            <12*cn46>
</home/avegikalamar> was used as the home directory.
</home/avegikalamar/BiqMac5> was used as the working directory.
Started at Wed Sep 13 20:56:53 2017
Results reported at Wed Sep 13 21:04:58 2017

Your job looked like:

------------------------------------------------------------
# LSBATCH: User input
mpirun -np 96 ./bab testni\ grafi/mac/ising/ising3.0-250_5555
------------------------------------------------------------

Successfully completed.

Resource usage summary:

    CPU time :               46393.68 sec.
    Max Memory :             640 MB
    Average Memory :         589.33 MB
    Total Requested Memory : -
    Delta Memory :           -
    (Delta: the difference between total requested memory and actual max usage.)
    Max Processes :          91
    Max Threads :            280

The output (if any) follows:

graph: testni grafi/mac/ising/ising3.0-250_5555
The input graph has 250 nodes and 31125 edges, edge weights are integers.

BEST VALUE = 7823791.000000
BEST CUT = -1 -1 -1 -1 1 -1 -1 -1 -1 1 -1 1 1 -1 1 -1 1 -1 1 1 1 1 1 1 1 -1 -1 -1 1 1 -1 1 1 -1 -1 1 1 -1 -1 -1 1 -1 1 1 -1 1 -1 -1 -1 1 1 -1 1 1 -1 -1 1 1 -1 1 1 -1 -1 -1 1 -1 1 1 -1 -1 -1 1 1 -1 1 -1 -1 -1 -1 1 -1 1 1 -1 1 1 1 -1 1 1 1 1 1 -1 1 -1 1 1 -1 1 1 -1 1 1 1 1 1 1 1 -1 1 -1 -1 -1 1 1 1 1 -1 1 1 1 1 -1 1 1 1 1 1 -1 1 -1 -1 -1 1 -1 1 1 -1 1 -1 -1 1 -1 -1 -1 -1 -1 1 1 1 -1 1 1 1 1 1 -1 -1 -1 -1 1 -1 1 -1 -1 1 1 -1 -1 -1 1 1 -1 -1 -1 -1 1 -1 1 -1 -1 -1 1 -1 1 1 1 -1 1 -1 1 1 -1 -1 -1 1 1 -1 -1 1 -1 -1 1 -1 1 -1 -1 1 1 -1 -1 1 1 -1 -1 -1 1 -1 1 -1 1 -1 1 -1 1 -1 1 -1 1 -1 -1 1 1 1 -1 -1 1 -1 -1 -1 -1 -1 1 1 -1 -1 1 -1 1 
ONE SIDE OF CUT = 5 10 12 13 15 17 19 20 21 22 23 24 25 29 30 32 33 36 37 41 43 44 46 50 51 53 54 57 58 60 61 65 67 68 72 73 75 80 82 83 85 86 87 89 90 91 92 93 95 97 98 100 101 103 104 105 106 107 108 109 111 115 116 117 118 120 121 122 123 125 126 127 128 129 131 135 137 138 140 143 149 150 151 153 154 155 156 157 162 164 167 168 172 173 178 180 184 186 187 188 190 192 193 197 198 201 204 206 209 210 213 214 218 220 222 224 226 228 230 233 234 235 238 244 245 248 250 
B&B nodes = 55
maxQueueSize = 2
maxWorkers = 18
TIME: 484.00 sec




PS:

Read file <ising3.0-250_5555_96.err> for stderr output of this job.

