Sender: LSF System <lsfadmin@cn48>
Subject: Job 36141: <mpirun -np 96 ./bab testni\ grafi/mac/ising/ising2.5-200_7777> in cluster <hpcfs> Done

Job <mpirun -np 96 ./bab testni\ grafi/mac/ising/ising2.5-200_7777> was submitted from host <prelog> by user <avegikalamar> in cluster <hpcfs>.
Job was executed on host(s) <12*cn48>, in queue <normal>, as user <avegikalamar> in cluster <hpcfs>.
                            <12*cn10>
                            <12*cn12>
                            <12*cn18>
                            <12*cn30>
                            <12*cn33>
                            <12*cn19>
                            <12*cn34>
</home/avegikalamar> was used as the home directory.
</home/avegikalamar/BiqMac5> was used as the working directory.
Started at Wed Sep 13 19:00:45 2017
Results reported at Wed Sep 13 19:04:55 2017

Your job looked like:

------------------------------------------------------------
# LSBATCH: User input
mpirun -np 96 ./bab testni\ grafi/mac/ising/ising2.5-200_7777
------------------------------------------------------------

Successfully completed.

Resource usage summary:

    CPU time :               22383.21 sec.
    Max Memory :             472 MB
    Average Memory :         463.33 MB
    Total Requested Memory : -
    Delta Memory :           -
    (Delta: the difference between total requested memory and actual max usage.)
    Max Processes :          91
    Max Threads :            280

The output (if any) follows:

graph: testni grafi/mac/ising/ising2.5-200_7777
The input graph has 200 nodes and 19900 edges, edge weights are integers.

BEST VALUE = 5568272.000000
BEST CUT = 1 -1 1 1 1 -1 -1 1 1 1 -1 1 1 1 -1 1 -1 -1 -1 -1 1 -1 1 -1 1 1 -1 1 1 -1 -1 -1 -1 1 1 1 1 -1 -1 1 -1 1 -1 -1 1 1 1 -1 1 -1 -1 -1 1 1 -1 1 -1 1 -1 -1 1 -1 1 -1 1 1 1 -1 -1 1 1 -1 1 -1 -1 -1 1 -1 1 1 -1 -1 -1 -1 1 -1 1 1 1 1 -1 -1 -1 1 1 1 1 1 1 -1 1 1 -1 1 -1 1 -1 -1 1 1 -1 -1 1 -1 1 1 -1 1 1 -1 1 -1 -1 -1 1 1 1 -1 -1 -1 -1 1 1 1 -1 1 1 1 -1 1 -1 1 -1 1 -1 -1 1 1 -1 -1 -1 1 1 -1 1 1 1 1 1 -1 -1 1 -1 1 1 -1 -1 1 -1 1 1 -1 1 1 1 1 1 1 -1 -1 -1 -1 -1 1 -1 -1 -1 1 -1 1 -1 1 1 -1 1 -1 -1 -1 -1 1 
ONE SIDE OF CUT = 1 3 4 5 8 9 10 12 13 14 16 21 23 25 26 28 29 34 35 36 37 40 42 45 46 47 49 53 54 56 58 61 63 65 66 67 70 71 73 77 79 80 85 87 88 89 90 94 95 96 97 98 99 101 102 104 106 109 110 113 115 116 118 119 121 125 126 127 132 133 134 136 137 138 140 142 144 147 148 152 153 155 156 157 158 159 162 164 165 168 170 171 173 174 175 176 177 178 184 188 190 192 193 195 200 
B&B nodes = 29
maxQueueSize = 2
maxWorkers = 12
TIME: 234.00 sec




PS:

Read file <ising2.5-200_7777_96.err> for stderr output of this job.

