Sender: LSF System <lsfadmin@cn11>
Subject: Job 35725: <mpirun -np 2 ./bab testni\ grafi/mac/rudy/pm1d_100.0 testni\ grafi/mac/rudy/pm1d_100.1 testni\ grafi/mac/rudy/pm1d_100.2 testni\ grafi/mac/rudy/pm1d_100.3 testni\ grafi/mac/rudy/pm1d_100.4 testni\ grafi/mac/rudy/pm1d_100.5 testni\ grafi/mac/rudy/pm1d_100.6 testni\ grafi/mac/rudy/pm1d_100.7 testni\ grafi/mac/rudy/pm1d_100.8 testni\ grafi/mac/rudy/pm1d_100.9> in cluster <hpcfs> Done

Job <mpirun -np 2 ./bab testni\ grafi/mac/rudy/pm1d_100.0 testni\ grafi/mac/rudy/pm1d_100.1 testni\ grafi/mac/rudy/pm1d_100.2 testni\ grafi/mac/rudy/pm1d_100.3 testni\ grafi/mac/rudy/pm1d_100.4 testni\ grafi/mac/rudy/pm1d_100.5 testni\ grafi/mac/rudy/pm1d_100.6 testni\ grafi/mac/rudy/pm1d_100.7 testni\ grafi/mac/rudy/pm1d_100.8 testni\ grafi/mac/rudy/pm1d_100.9> was submitted from host <cn54> by user <avegikalamar> in cluster <hpcfs>.
Job was executed on host(s) <2*cn11>, in queue <normal>, as user <avegikalamar> in cluster <hpcfs>.
</home/avegikalamar> was used as the home directory.
</home/avegikalamar/BiqMac5> was used as the working directory.
Started at Thu Aug 31 11:25:44 2017
Results reported at Thu Aug 31 23:01:13 2017

Your job looked like:

------------------------------------------------------------
# LSBATCH: User input
mpirun -np 2 ./bab testni\ grafi/mac/rudy/pm1d_100.0 testni\ grafi/mac/rudy/pm1d_100.1 testni\ grafi/mac/rudy/pm1d_100.2 testni\ grafi/mac/rudy/pm1d_100.3 testni\ grafi/mac/rudy/pm1d_100.4 testni\ grafi/mac/rudy/pm1d_100.5 testni\ grafi/mac/rudy/pm1d_100.6 testni\ grafi/mac/rudy/pm1d_100.7 testni\ grafi/mac/rudy/pm1d_100.8 testni\ grafi/mac/rudy/pm1d_100.9
------------------------------------------------------------

Successfully completed.

Resource usage summary:

    CPU time :               83529.37 sec.
    Max Memory :             143 MB
    Average Memory :         116.36 MB
    Total Requested Memory : -
    Delta Memory :           -
    (Delta: the difference between total requested memory and actual max usage.)
    Max Swap :               1400 MB

    Max Processes :          5
    Max Threads :            14

The output (if any) follows:

graf: testni grafi/mac/rudy/pm1d_100.0
The input graph has 100 nodes and 4901 edges, edge weights are integers.

NAJBOLJSA VREDNOST = 340.000000
NAJBOLJSI PREREZ = 1 1 -1 1 1 -1 1 1 -1 -1 -1 1 -1 1 1 -1 -1 -1 -1 1 1 1 1 -1 -1 1 1 1 1 -1 -1 1 -1 -1 1 -1 1 -1 1 1 -1 1 1 1 -1 1 -1 1 -1 -1 -1 1 -1 -1 1 1 -1 -1 1 1 -1 1 -1 -1 1 -1 -1 1 1 -1 -1 -1 1 -1 -1 1 -1 -1 1 1 -1 1 -1 1 1 -1 1 1 -1 1 1 1 -1 -1 1 -1 1 1 1 -1 
ENA STRAN PREREZA = 1 2 4 5 7 8 12 14 15 20 21 22 23 26 27 28 29 32 35 37 39 40 42 43 44 46 48 52 55 56 59 60 62 65 68 69 73 76 79 80 82 84 85 87 88 90 91 92 95 97 98 99 
B&B vozlisc = 2587
Najvec zasedenih delavcev = 0
Cas: 7745.00 sec


graf: testni grafi/mac/rudy/pm1d_100.1
The input graph has 100 nodes and 4901 edges, edge weights are integers.

Time limit of three hours exceeded.

Summary of current status:
Upper bound: 327.81 
B&B vozlisc = 4511
Najvec zasedenih delavcev = 0
Cas: 10828.00 sec


graf: testni grafi/mac/rudy/pm1d_100.2
The input graph has 100 nodes and 4901 edges, edge weights are integers.

NAJBOLJSA VREDNOST = 389.000000
NAJBOLJSI PREREZ = 1 -1 1 -1 -1 -1 -1 1 1 -1 1 -1 -1 -1 -1 1 -1 -1 1 -1 1 -1 -1 -1 1 1 1 1 -1 -1 -1 -1 1 -1 1 -1 -1 1 -1 -1 -1 1 -1 1 1 -1 -1 1 -1 1 1 1 -1 -1 -1 1 -1 1 1 -1 1 -1 -1 -1 -1 -1 -1 1 -1 1 1 -1 1 1 -1 1 1 1 1 1 1 1 -1 -1 1 1 1 -1 1 1 1 -1 1 -1 1 1 -1 -1 -1 1 
ENA STRAN PREREZA = 1 3 8 9 11 16 19 21 25 26 27 28 33 35 38 42 44 45 48 50 51 52 56 58 59 61 68 70 71 73 74 76 77 78 79 80 81 82 85 86 87 89 90 91 93 95 96 100 
B&B vozlisc = 3481
Najvec zasedenih delavcev = 0
Cas: 10030.00 sec


graf: testni grafi/mac/rudy/pm1d_100.3
The input graph has 100 nodes and 4901 edges, edge weights are integers.

NAJBOLJSA VREDNOST = 400.000000
NAJBOLJSI PREREZ = -1 1 -1 -1 -1 1 1 -1 -1 1 -1 1 1 1 1 -1 -1 1 -1 -1 -1 1 1 1 1 1 1 1 -1 -1 1 -1 1 1 -1 -1 -1 1 1 1 1 1 1 -1 -1 1 -1 1 1 1 -1 1 -1 1 1 1 -1 1 -1 -1 1 -1 1 1 1 -1 -1 1 1 1 1 -1 1 -1 -1 -1 1 -1 -1 -1 1 -1 1 1 -1 -1 1 1 1 1 -1 1 1 1 1 -1 1 1 -1 -1 
ENA STRAN PREREZA = 2 6 7 10 12 13 14 15 18 22 23 24 25 26 27 28 31 33 34 38 39 40 41 42 43 46 48 49 50 52 54 55 56 58 61 63 64 65 68 69 70 71 73 77 81 83 84 87 88 89 90 92 93 94 95 97 98 
B&B vozlisc = 563
Najvec zasedenih delavcev = 0
Cas: 1846.00 sec


graf: testni grafi/mac/rudy/pm1d_100.4
The input graph has 100 nodes and 4901 edges, edge weights are integers.

NAJBOLJSA VREDNOST = 363.000000
NAJBOLJSI PREREZ = -1 1 -1 -1 -1 -1 1 1 -1 1 1 -1 1 1 -1 -1 -1 -1 1 1 -1 1 -1 -1 -1 -1 1 1 1 -1 -1 1 -1 1 -1 -1 1 1 -1 1 -1 1 1 -1 1 -1 1 -1 1 1 1 -1 -1 -1 -1 -1 -1 1 1 1 1 -1 1 -1 -1 -1 -1 -1 1 1 -1 -1 -1 1 -1 1 -1 1 -1 -1 -1 -1 1 1 -1 -1 1 1 1 -1 1 1 -1 -1 1 1 1 -1 -1 1 
ENA STRAN PREREZA = 2 7 8 10 11 13 14 19 20 22 27 28 29 32 34 37 38 40 42 43 45 47 49 50 51 58 59 60 61 63 69 70 74 76 78 83 84 87 88 89 91 92 95 96 97 100 
B&B vozlisc = 2129
Najvec zasedenih delavcev = 0
Cas: 6473.00 sec


graf: testni grafi/mac/rudy/pm1d_100.5
The input graph has 100 nodes and 4901 edges, edge weights are integers.

NAJBOLJSA VREDNOST = 441.000000
NAJBOLJSI PREREZ = -1 1 -1 1 1 -1 1 1 1 -1 -1 1 -1 -1 1 1 1 1 1 1 1 -1 1 1 -1 1 1 -1 1 -1 -1 -1 -1 -1 1 -1 1 -1 -1 1 -1 1 1 1 1 1 -1 -1 1 1 1 -1 1 -1 1 1 -1 -1 -1 -1 1 -1 -1 1 -1 1 1 -1 1 -1 1 1 1 -1 1 1 1 1 1 -1 1 -1 1 1 -1 1 1 1 -1 -1 1 -1 1 1 -1 -1 -1 1 1 1 
ENA STRAN PREREZA = 2 4 5 7 8 9 12 15 16 17 18 19 20 21 23 24 26 27 29 35 37 40 42 43 44 45 46 49 50 51 53 55 56 61 64 66 67 69 71 72 73 75 76 77 78 79 81 83 84 86 87 88 91 93 94 98 99 100 
B&B vozlisc = 425
Najvec zasedenih delavcev = 0
Cas: 1390.00 sec


graf: testni grafi/mac/rudy/pm1d_100.6
The input graph has 100 nodes and 4901 edges, edge weights are integers.

NAJBOLJSA VREDNOST = 367.000000
NAJBOLJSI PREREZ = -1 -1 1 -1 -1 1 1 1 -1 1 -1 1 1 1 -1 -1 1 1 -1 1 -1 -1 -1 -1 -1 -1 -1 1 1 1 -1 1 1 -1 1 1 1 1 1 -1 1 -1 -1 1 1 -1 -1 -1 1 -1 -1 1 1 1 -1 1 -1 -1 -1 -1 -1 -1 1 1 -1 -1 -1 -1 -1 1 1 -1 -1 1 1 -1 1 1 -1 -1 1 1 -1 1 -1 -1 -1 1 -1 1 1 1 -1 -1 -1 -1 1 -1 -1 -1 
ENA STRAN PREREZA = 3 6 7 8 10 12 13 14 17 18 20 28 29 30 32 33 35 36 37 38 39 41 44 45 49 52 53 54 56 63 64 70 71 74 75 77 78 81 82 84 88 90 91 92 97 
B&B vozlisc = 279
Najvec zasedenih delavcev = 0
Cas: 932.00 sec


graf: testni grafi/mac/rudy/pm1d_100.7
The input graph has 100 nodes and 4901 edges, edge weights are integers.

NAJBOLJSA VREDNOST = 361.000000
NAJBOLJSI PREREZ = -1 1 -1 1 -1 -1 -1 -1 1 1 -1 1 -1 -1 1 -1 1 -1 1 1 1 1 -1 1 1 -1 -1 1 1 1 1 -1 -1 -1 -1 1 -1 1 -1 1 1 1 1 -1 -1 -1 -1 -1 1 1 -1 1 -1 1 -1 -1 -1 -1 -1 -1 1 -1 1 -1 -1 1 1 -1 -1 -1 1 -1 -1 1 -1 -1 -1 -1 -1 1 -1 -1 -1 1 -1 -1 -1 1 -1 -1 1 1 -1 -1 -1 -1 -1 1 1 1 
ENA STRAN PREREZA = 2 4 9 10 12 15 17 19 20 21 22 24 25 28 29 30 31 36 38 40 41 42 43 49 50 52 54 61 63 66 67 71 74 80 84 88 91 92 98 99 100 
B&B vozlisc = 127
Najvec zasedenih delavcev = 0
Cas: 467.00 sec


graf: testni grafi/mac/rudy/pm1d_100.8
The input graph has 100 nodes and 4901 edges, edge weights are integers.

NAJBOLJSA VREDNOST = 385.000000
NAJBOLJSI PREREZ = 1 -1 1 1 1 -1 1 -1 -1 1 -1 -1 -1 1 1 -1 -1 1 1 -1 1 1 -1 1 1 1 -1 -1 1 1 -1 -1 1 1 -1 -1 1 -1 1 -1 1 1 -1 -1 1 -1 1 -1 -1 -1 -1 1 1 -1 1 -1 -1 -1 1 -1 1 -1 1 -1 -1 -1 -1 -1 -1 1 -1 1 1 1 1 -1 -1 1 1 -1 -1 1 -1 1 1 -1 -1 -1 -1 -1 -1 1 -1 -1 1 -1 1 -1 1 -1 
ENA STRAN PREREZA = 1 3 4 5 7 10 14 15 18 19 21 22 24 25 26 29 30 33 34 37 39 41 42 45 47 52 53 55 59 61 63 70 72 73 74 75 78 79 82 84 85 92 95 97 99 
B&B vozlisc = 67
Najvec zasedenih delavcev = 0
Cas: 239.00 sec


graf: testni grafi/mac/rudy/pm1d_100.9
The input graph has 100 nodes and 4901 edges, edge weights are integers.

NAJBOLJSA VREDNOST = 405.000000
NAJBOLJSI PREREZ = 1 -1 1 1 1 1 -1 -1 -1 -1 -1 1 -1 1 1 -1 -1 1 -1 1 1 1 -1 1 1 -1 1 -1 1 1 1 -1 1 -1 -1 1 -1 1 1 -1 1 1 -1 1 1 1 -1 -1 1 -1 1 -1 1 -1 1 -1 -1 1 -1 -1 1 -1 -1 1 1 1 -1 -1 -1 1 1 -1 -1 -1 1 1 1 1 1 1 -1 -1 -1 -1 1 1 -1 -1 -1 -1 -1 1 1 -1 -1 -1 -1 1 -1 -1 
ENA STRAN PREREZA = 1 3 4 5 6 12 14 15 18 20 21 22 24 25 27 29 30 31 33 36 38 39 41 42 44 45 46 49 51 53 55 58 61 64 65 66 70 71 75 76 77 78 79 80 85 86 92 93 98 
B&B vozlisc = 561
Najvec zasedenih delavcev = 0
Cas: 1779.00 sec




PS:

Read file <pm1d_100_2.err> for stderr output of this job.

