Sender: LSF System <lsfadmin@cn24>
Subject: Job 35737: <mpirun -np 24 ./bab testni\ grafi/mac/rudy/pm1s_80.0 testni\ grafi/mac/rudy/pm1s_80.1 testni\ grafi/mac/rudy/pm1s_80.2 testni\ grafi/mac/rudy/pm1s_80.3 testni\ grafi/mac/rudy/pm1s_80.4 testni\ grafi/mac/rudy/pm1s_80.5 testni\ grafi/mac/rudy/pm1s_80.6 testni\ grafi/mac/rudy/pm1s_80.7 testni\ grafi/mac/rudy/pm1s_80.8 testni\ grafi/mac/rudy/pm1s_80.9> in cluster <hpcfs> Done

Job <mpirun -np 24 ./bab testni\ grafi/mac/rudy/pm1s_80.0 testni\ grafi/mac/rudy/pm1s_80.1 testni\ grafi/mac/rudy/pm1s_80.2 testni\ grafi/mac/rudy/pm1s_80.3 testni\ grafi/mac/rudy/pm1s_80.4 testni\ grafi/mac/rudy/pm1s_80.5 testni\ grafi/mac/rudy/pm1s_80.6 testni\ grafi/mac/rudy/pm1s_80.7 testni\ grafi/mac/rudy/pm1s_80.8 testni\ grafi/mac/rudy/pm1s_80.9> was submitted from host <cn54> by user <avegikalamar> in cluster <hpcfs>.
Job was executed on host(s) <12*cn24>, in queue <normal>, as user <avegikalamar> in cluster <hpcfs>.
                            <12*cn29>
</home/avegikalamar> was used as the home directory.
</home/avegikalamar/BiqMac5> was used as the working directory.
Started at Thu Aug 31 12:47:44 2017
Results reported at Thu Aug 31 12:48:25 2017

Your job looked like:

------------------------------------------------------------
# LSBATCH: User input
mpirun -np 24 ./bab testni\ grafi/mac/rudy/pm1s_80.0 testni\ grafi/mac/rudy/pm1s_80.1 testni\ grafi/mac/rudy/pm1s_80.2 testni\ grafi/mac/rudy/pm1s_80.3 testni\ grafi/mac/rudy/pm1s_80.4 testni\ grafi/mac/rudy/pm1s_80.5 testni\ grafi/mac/rudy/pm1s_80.6 testni\ grafi/mac/rudy/pm1s_80.7 testni\ grafi/mac/rudy/pm1s_80.8 testni\ grafi/mac/rudy/pm1s_80.9
------------------------------------------------------------

Successfully completed.

Resource usage summary:

    CPU time :               950.24 sec.
    Total Requested Memory : -
    Delta Memory :           -
    (Delta: the difference between total requested memory and actual max usage.)

The output (if any) follows:

graf: testni grafi/mac/rudy/pm1s_80.0
The input graph has 80 nodes and 316 edges, edge weights are integers.

NAJBOLJSA VREDNOST = 79.000000
NAJBOLJSI PREREZ = 1 -1 1 -1 -1 1 -1 -1 -1 -1 1 -1 1 -1 -1 -1 -1 -1 1 1 1 -1 1 -1 1 1 1 1 1 1 1 1 -1 -1 1 -1 1 -1 -1 1 -1 1 -1 -1 -1 -1 -1 1 -1 1 -1 1 -1 1 -1 1 1 1 -1 -1 -1 -1 -1 -1 -1 -1 1 -1 1 1 -1 1 1 -1 -1 -1 -1 1 -1 -1 
ENA STRAN PREREZA = 1 3 6 11 13 19 20 21 23 25 26 27 28 29 30 31 32 35 37 40 42 48 50 52 54 56 57 58 67 69 70 72 73 78 
B&B vozlisc = 1
Najvec zasedenih delavcev = 0
Cas: 1.00 sec


graf: testni grafi/mac/rudy/pm1s_80.1
The input graph has 80 nodes and 316 edges, edge weights are integers.

NAJBOLJSA VREDNOST = 85.000000
NAJBOLJSI PREREZ = -1 -1 1 -1 -1 1 1 -1 -1 -1 -1 -1 1 1 1 1 -1 -1 -1 -1 1 1 1 -1 1 1 1 1 -1 1 -1 -1 1 -1 -1 1 -1 1 -1 1 1 1 -1 -1 -1 1 -1 -1 -1 -1 -1 1 -1 -1 1 1 -1 -1 1 1 -1 1 -1 -1 1 1 -1 -1 -1 1 1 1 1 1 1 -1 1 1 1 -1 
ENA STRAN PREREZA = 3 6 7 13 14 15 16 21 22 23 25 26 27 28 30 33 36 38 40 41 42 46 52 55 56 59 60 62 65 66 70 71 72 73 74 75 77 78 79 
B&B vozlisc = 1
Najvec zasedenih delavcev = 0
Cas: 1.00 sec


graf: testni grafi/mac/rudy/pm1s_80.2
The input graph has 80 nodes and 316 edges, edge weights are integers.

NAJBOLJSA VREDNOST = 82.000000
NAJBOLJSI PREREZ = 1 -1 -1 -1 1 1 -1 1 1 1 1 -1 1 1 -1 -1 -1 1 1 -1 1 -1 -1 1 -1 -1 -1 -1 1 1 1 1 1 1 -1 -1 -1 -1 1 -1 1 1 -1 1 -1 1 1 -1 1 1 -1 1 -1 1 -1 -1 -1 1 1 -1 -1 1 -1 -1 -1 -1 -1 1 1 1 1 1 -1 1 -1 -1 1 1 1 1 
ENA STRAN PREREZA = 1 5 6 8 9 10 11 13 14 18 19 21 24 29 30 31 32 33 34 39 41 42 44 46 47 49 50 52 54 58 59 62 68 69 70 71 72 74 77 78 79 80 
B&B vozlisc = 17
Najvec zasedenih delavcev = 7
Cas: 16.00 sec


graf: testni grafi/mac/rudy/pm1s_80.3
The input graph has 80 nodes and 316 edges, edge weights are integers.

NAJBOLJSA VREDNOST = 81.000000
NAJBOLJSI PREREZ = 1 1 1 1 1 -1 -1 -1 -1 1 -1 1 -1 -1 1 -1 -1 1 -1 1 -1 -1 -1 -1 1 1 -1 -1 -1 1 -1 -1 -1 1 1 1 -1 -1 1 -1 -1 -1 -1 1 -1 1 1 -1 -1 -1 1 -1 -1 -1 1 -1 -1 -1 -1 -1 -1 -1 -1 -1 1 -1 -1 -1 1 -1 1 1 -1 -1 1 -1 1 1 -1 1 
ENA STRAN PREREZA = 1 2 3 4 5 10 12 15 18 20 25 26 30 34 35 36 39 44 46 47 51 55 65 69 71 72 75 77 78 80 
B&B vozlisc = 1
Najvec zasedenih delavcev = 0
Cas: 2.00 sec


graf: testni grafi/mac/rudy/pm1s_80.4
The input graph has 80 nodes and 316 edges, edge weights are integers.

NAJBOLJSA VREDNOST = 70.000000
NAJBOLJSI PREREZ = 1 -1 -1 -1 -1 -1 -1 -1 -1 1 1 -1 1 -1 -1 -1 -1 -1 1 -1 -1 1 1 -1 1 -1 -1 -1 1 1 -1 1 1 1 -1 -1 -1 -1 -1 1 1 -1 1 -1 -1 -1 1 1 1 1 -1 1 1 -1 -1 1 1 -1 1 1 -1 1 -1 -1 -1 -1 1 -1 -1 1 -1 -1 -1 1 1 1 -1 -1 1 1 
ENA STRAN PREREZA = 1 10 11 13 19 22 23 25 29 30 32 33 34 40 41 43 47 48 49 50 52 53 56 57 59 60 62 67 70 74 75 76 79 80 
B&B vozlisc = 1
Najvec zasedenih delavcev = 0
Cas: 1.00 sec


graf: testni grafi/mac/rudy/pm1s_80.5
The input graph has 80 nodes and 316 edges, edge weights are integers.

NAJBOLJSA VREDNOST = 87.000000
NAJBOLJSI PREREZ = 1 1 -1 1 -1 -1 1 -1 -1 1 1 1 -1 -1 -1 1 1 1 1 1 1 1 -1 -1 -1 1 -1 1 -1 -1 1 -1 -1 1 -1 1 -1 1 -1 -1 1 -1 1 1 -1 1 -1 -1 -1 1 1 -1 1 -1 1 -1 1 -1 1 1 1 -1 -1 -1 1 -1 1 -1 1 1 1 -1 1 -1 1 -1 -1 1 -1 1 
ENA STRAN PREREZA = 1 2 4 7 10 11 12 16 17 18 19 20 21 22 26 28 31 34 36 38 41 43 44 46 50 51 53 55 57 59 60 61 65 67 69 70 71 73 75 78 80 
B&B vozlisc = 1
Najvec zasedenih delavcev = 0
Cas: 2.00 sec


graf: testni grafi/mac/rudy/pm1s_80.6
The input graph has 80 nodes and 316 edges, edge weights are integers.

NAJBOLJSA VREDNOST = 73.000000
NAJBOLJSI PREREZ = 1 1 1 -1 1 -1 1 1 1 -1 -1 1 1 1 1 1 -1 1 -1 -1 -1 1 1 1 1 -1 -1 -1 -1 1 1 -1 -1 1 -1 1 -1 -1 -1 1 1 -1 -1 1 1 -1 1 -1 1 -1 1 1 -1 -1 1 1 1 -1 -1 -1 1 1 -1 -1 -1 -1 1 1 1 -1 -1 1 1 1 1 -1 -1 1 -1 1 
ENA STRAN PREREZA = 1 2 3 5 7 8 9 12 13 14 15 16 18 22 23 24 25 30 31 34 36 40 41 44 45 47 49 51 52 55 56 57 61 62 67 68 69 72 73 74 75 78 80 
B&B vozlisc = 7
Najvec zasedenih delavcev = 3
Cas: 7.00 sec


graf: testni grafi/mac/rudy/pm1s_80.7
The input graph has 80 nodes and 316 edges, edge weights are integers.

NAJBOLJSA VREDNOST = 83.000000
NAJBOLJSI PREREZ = 1 1 1 -1 1 1 -1 1 1 1 1 1 -1 -1 1 1 -1 -1 -1 -1 1 1 -1 -1 -1 -1 1 1 1 1 -1 -1 -1 1 -1 -1 1 1 1 1 1 1 -1 1 1 1 -1 -1 -1 1 -1 1 1 -1 -1 -1 1 -1 -1 -1 -1 1 1 -1 -1 1 1 -1 -1 -1 1 -1 -1 -1 -1 1 -1 1 -1 -1 
ENA STRAN PREREZA = 1 2 3 5 6 8 9 10 11 12 15 16 21 22 27 28 29 30 34 37 38 39 40 41 42 44 45 46 50 52 53 57 62 63 66 67 71 76 78 
B&B vozlisc = 1
Najvec zasedenih delavcev = 0
Cas: 3.00 sec


graf: testni grafi/mac/rudy/pm1s_80.8
The input graph has 80 nodes and 316 edges, edge weights are integers.

NAJBOLJSA VREDNOST = 81.000000
NAJBOLJSI PREREZ = -1 1 -1 -1 1 -1 -1 1 1 1 -1 1 -1 1 -1 1 1 -1 1 1 -1 -1 -1 1 -1 1 -1 -1 -1 1 -1 -1 -1 1 1 -1 1 1 1 1 1 -1 1 1 1 -1 -1 1 -1 1 -1 -1 -1 -1 -1 -1 -1 1 -1 1 -1 1 -1 -1 1 -1 1 1 1 1 -1 -1 -1 1 -1 -1 -1 -1 -1 1 
ENA STRAN PREREZA = 2 5 8 9 10 12 14 16 17 19 20 24 26 30 34 35 37 38 39 40 41 43 44 45 48 50 58 60 62 65 67 68 69 70 74 80 
B&B vozlisc = 3
Najvec zasedenih delavcev = 1
Cas: 5.00 sec


graf: testni grafi/mac/rudy/pm1s_80.9
The input graph has 80 nodes and 316 edges, edge weights are integers.

NAJBOLJSA VREDNOST = 70.000000
NAJBOLJSI PREREZ = 1 1 -1 -1 1 -1 1 -1 -1 -1 -1 -1 1 1 -1 1 1 -1 -1 1 1 -1 1 1 -1 -1 -1 1 1 1 1 -1 -1 1 -1 1 -1 1 1 1 1 1 1 -1 1 1 -1 1 -1 1 -1 1 -1 1 1 -1 1 -1 -1 1 1 1 1 -1 1 1 -1 1 -1 -1 -1 1 1 -1 1 1 1 1 1 -1 
ENA STRAN PREREZA = 1 2 5 7 13 14 16 17 20 21 23 24 28 29 30 31 34 36 38 39 40 41 42 43 45 46 48 50 52 54 55 57 60 61 62 63 65 66 68 72 73 75 76 77 78 79 
B&B vozlisc = 1
Najvec zasedenih delavcev = 0
Cas: 2.00 sec




PS:

Read file <pm1s_80_24.err> for stderr output of this job.

