Sender: LSF System <lsfadmin@cn24>
Subject: Job 35789: <mpirun -np 12 ./bab  testni\ grafi/mac/rudy/pw05_100.0 testni\ grafi/mac/rudy/pw05_100.1 testni\ grafi/mac/rudy/pw05_100.2 testni\ grafi/mac/rudy/pw05_100.3 testni\ grafi/mac/rudy/pw05_100.4 testni\ grafi/mac/rudy/pw05_100.5 testni\ grafi/mac/rudy/pw05_100.6 testni\ grafi/mac/rudy/pw05_100.7 testni\ grafi/mac/rudy/pw05_100.8 testni\ grafi/mac/rudy/pw05_100.9> in cluster <hpcfs> Done

Job <mpirun -np 12 ./bab  testni\ grafi/mac/rudy/pw05_100.0 testni\ grafi/mac/rudy/pw05_100.1 testni\ grafi/mac/rudy/pw05_100.2 testni\ grafi/mac/rudy/pw05_100.3 testni\ grafi/mac/rudy/pw05_100.4 testni\ grafi/mac/rudy/pw05_100.5 testni\ grafi/mac/rudy/pw05_100.6 testni\ grafi/mac/rudy/pw05_100.7 testni\ grafi/mac/rudy/pw05_100.8 testni\ grafi/mac/rudy/pw05_100.9> was submitted from host <cn54> by user <avegikalamar> in cluster <hpcfs>.
Job was executed on host(s) <12*cn24>, in queue <normal>, as user <avegikalamar> in cluster <hpcfs>.
</home/avegikalamar> was used as the home directory.
</home/avegikalamar/BiqMac5> was used as the working directory.
Started at Fri Sep  1 12:52:30 2017
Results reported at Fri Sep  1 14:00:19 2017

Your job looked like:

------------------------------------------------------------
# LSBATCH: User input
mpirun -np 12 ./bab  testni\ grafi/mac/rudy/pw05_100.0 testni\ grafi/mac/rudy/pw05_100.1 testni\ grafi/mac/rudy/pw05_100.2 testni\ grafi/mac/rudy/pw05_100.3 testni\ grafi/mac/rudy/pw05_100.4 testni\ grafi/mac/rudy/pw05_100.5 testni\ grafi/mac/rudy/pw05_100.6 testni\ grafi/mac/rudy/pw05_100.7 testni\ grafi/mac/rudy/pw05_100.8 testni\ grafi/mac/rudy/pw05_100.9
------------------------------------------------------------

Successfully completed.

Resource usage summary:

    CPU time :               48797.55 sec.
    Max Memory :             397 MB
    Average Memory :         374.90 MB
    Total Requested Memory : -
    Delta Memory :           -
    (Delta: the difference between total requested memory and actual max usage.)
    Max Swap :               6245 MB

    Max Processes :          15
    Max Threads :            44

The output (if any) follows:

graf: testni grafi/mac/rudy/pw05_100.0
The input graph has 100 nodes and 2475 edges, edge weights are integers.

NAJBOLJSA VREDNOST = 8190.000000
NAJBOLJSI PREREZ = -1 1 1 -1 1 -1 -1 -1 1 1 1 -1 1 -1 -1 1 -1 1 1 -1 -1 -1 1 1 -1 1 -1 -1 1 -1 -1 1 1 -1 -1 1 1 -1 1 1 1 -1 -1 -1 -1 1 -1 -1 -1 -1 1 -1 1 1 -1 -1 1 -1 -1 1 -1 -1 -1 1 1 -1 -1 1 1 1 1 -1 -1 -1 1 1 1 1 -1 1 1 1 -1 1 1 -1 -1 1 1 1 1 -1 -1 -1 -1 1 -1 1 1 1 
ENA STRAN PREREZA = 2 3 5 9 10 11 13 16 18 19 23 24 26 29 32 33 36 37 39 40 41 46 51 53 54 57 60 64 65 68 69 70 71 75 76 77 78 80 81 82 84 85 88 89 90 91 96 98 99 100 
B&B vozlisc = 5093
Najvec zasedenih delavcev = 10
Cas: 1409.00 sec


graf: testni grafi/mac/rudy/pw05_100.1
The input graph has 100 nodes and 2475 edges, edge weights are integers.

NAJBOLJSA VREDNOST = 8045.000000
NAJBOLJSI PREREZ = 1 1 -1 -1 1 -1 1 -1 -1 -1 1 1 -1 -1 1 -1 -1 -1 -1 -1 1 1 -1 1 1 -1 -1 -1 1 -1 -1 -1 -1 1 1 1 -1 1 1 -1 1 1 1 1 1 -1 -1 1 -1 1 1 1 1 -1 1 1 -1 1 -1 1 1 -1 -1 1 -1 -1 -1 1 -1 -1 1 -1 1 -1 1 -1 1 -1 1 1 1 -1 -1 1 1 1 -1 1 -1 -1 1 -1 -1 -1 1 1 -1 -1 -1 1 
ENA STRAN PREREZA = 1 2 5 7 11 12 15 21 22 24 25 29 34 35 36 38 39 41 42 43 44 45 48 50 51 52 53 55 56 58 60 61 64 68 71 73 75 77 79 80 81 84 85 86 88 91 95 96 100 
B&B vozlisc = 903
Najvec zasedenih delavcev = 10
Cas: 287.00 sec


graf: testni grafi/mac/rudy/pw05_100.2
The input graph has 100 nodes and 2475 edges, edge weights are integers.

NAJBOLJSA VREDNOST = 8039.000000
NAJBOLJSI PREREZ = 1 -1 -1 -1 1 -1 -1 1 -1 1 1 -1 1 -1 -1 1 -1 1 1 1 -1 -1 -1 -1 1 -1 -1 1 1 1 1 -1 1 -1 -1 -1 1 1 1 -1 1 1 -1 -1 1 1 1 -1 -1 -1 -1 1 1 -1 -1 -1 -1 1 1 -1 -1 -1 1 -1 -1 1 -1 1 1 -1 -1 1 1 1 -1 1 -1 1 1 1 1 1 1 -1 -1 -1 1 -1 1 -1 1 -1 1 1 -1 -1 1 -1 -1 1 
ENA STRAN PREREZA = 1 5 8 10 11 13 16 18 19 20 25 28 29 30 31 33 37 38 39 41 42 45 46 47 52 53 58 59 63 66 68 69 72 73 74 76 78 79 80 81 82 83 87 89 91 93 94 97 100 
B&B vozlisc = 1253
Najvec zasedenih delavcev = 10
Cas: 388.00 sec


graf: testni grafi/mac/rudy/pw05_100.3
The input graph has 100 nodes and 2475 edges, edge weights are integers.

NAJBOLJSA VREDNOST = 8139.000000
NAJBOLJSI PREREZ = -1 1 -1 -1 1 -1 -1 -1 1 -1 -1 -1 -1 1 -1 -1 1 -1 -1 1 1 1 1 -1 -1 1 1 -1 -1 -1 -1 1 -1 -1 -1 1 1 1 1 1 -1 1 1 1 1 1 -1 -1 1 1 1 -1 -1 -1 1 1 1 -1 -1 1 -1 1 -1 1 1 1 1 1 -1 -1 -1 -1 1 -1 -1 1 1 1 -1 -1 1 1 -1 -1 1 1 1 1 -1 -1 -1 1 1 1 1 1 -1 -1 -1 -1 
ENA STRAN PREREZA = 2 5 9 14 17 20 21 22 23 26 27 32 36 37 38 39 40 42 43 44 45 46 49 50 51 55 56 57 60 62 64 65 66 67 68 73 76 77 78 81 82 85 86 87 88 92 93 94 95 96 
B&B vozlisc = 197
Najvec zasedenih delavcev = 10
Cas: 74.00 sec


graf: testni grafi/mac/rudy/pw05_100.4
The input graph has 100 nodes and 2475 edges, edge weights are integers.

NAJBOLJSA VREDNOST = 8125.000000
NAJBOLJSI PREREZ = 1 1 1 -1 1 1 -1 1 -1 -1 -1 -1 1 1 1 1 1 1 -1 1 -1 1 1 1 -1 -1 -1 -1 -1 -1 1 1 -1 1 1 1 -1 -1 1 1 -1 -1 1 -1 -1 -1 1 -1 1 1 -1 1 1 1 -1 1 1 -1 1 1 1 -1 -1 1 1 -1 -1 -1 -1 1 -1 -1 -1 1 -1 -1 1 1 1 -1 -1 -1 -1 1 -1 -1 -1 1 -1 1 -1 -1 -1 -1 -1 -1 1 1 1 1 
ENA STRAN PREREZA = 1 2 3 5 6 8 13 14 15 16 17 18 20 22 23 24 31 32 34 35 36 39 40 43 47 49 50 52 53 54 56 57 59 60 61 64 65 70 74 77 78 79 84 88 90 97 98 99 100 
B&B vozlisc = 1777
Najvec zasedenih delavcev = 10
Cas: 537.00 sec


graf: testni grafi/mac/rudy/pw05_100.5
The input graph has 100 nodes and 2475 edges, edge weights are integers.

NAJBOLJSA VREDNOST = 8169.000000
NAJBOLJSI PREREZ = -1 1 -1 -1 1 -1 -1 -1 -1 -1 1 1 1 -1 1 -1 1 1 -1 1 -1 -1 1 -1 1 1 -1 1 1 -1 -1 1 -1 -1 1 -1 1 1 1 -1 -1 1 1 -1 -1 -1 1 1 -1 -1 1 -1 1 -1 1 -1 -1 1 -1 -1 1 -1 1 -1 1 -1 -1 1 -1 1 -1 -1 1 1 1 -1 1 1 1 -1 -1 1 1 1 1 -1 1 1 1 -1 -1 1 -1 1 1 -1 1 -1 -1 1 
ENA STRAN PREREZA = 2 5 11 12 13 15 17 18 20 23 25 26 28 29 32 35 37 38 39 42 43 47 48 51 53 55 58 61 63 65 68 70 73 74 75 77 78 79 82 83 84 85 87 88 89 92 94 95 97 100 
B&B vozlisc = 255
Najvec zasedenih delavcev = 10
Cas: 92.00 sec


graf: testni grafi/mac/rudy/pw05_100.6
The input graph has 100 nodes and 2475 edges, edge weights are integers.

NAJBOLJSA VREDNOST = 8217.000000
NAJBOLJSI PREREZ = -1 1 -1 1 1 1 -1 1 -1 -1 -1 1 -1 -1 -1 1 1 1 -1 1 1 1 -1 -1 -1 -1 1 1 -1 1 -1 -1 -1 1 -1 1 -1 1 -1 -1 1 -1 1 1 -1 1 1 -1 -1 1 1 1 1 -1 1 1 1 -1 -1 -1 1 1 1 1 -1 1 1 -1 -1 1 1 -1 1 -1 -1 -1 1 -1 -1 1 -1 -1 1 -1 1 1 -1 1 1 -1 -1 -1 -1 1 1 1 -1 1 -1 -1 
ENA STRAN PREREZA = 2 4 5 6 8 12 16 17 18 20 21 22 27 28 30 34 36 38 41 43 44 46 47 50 51 52 53 55 56 57 61 62 63 64 66 67 70 71 73 77 80 83 85 86 88 89 94 95 96 98 
B&B vozlisc = 2959
Najvec zasedenih delavcev = 10
Cas: 884.00 sec


graf: testni grafi/mac/rudy/pw05_100.7
The input graph has 100 nodes and 2475 edges, edge weights are integers.

NAJBOLJSA VREDNOST = 8249.000000
NAJBOLJSI PREREZ = 1 -1 1 -1 -1 1 1 -1 -1 1 -1 1 -1 -1 -1 1 -1 -1 1 1 1 1 1 1 1 1 -1 -1 -1 -1 -1 1 -1 -1 1 1 1 1 1 -1 1 -1 -1 1 1 1 1 1 -1 1 1 -1 -1 -1 -1 1 -1 1 1 -1 -1 -1 -1 -1 1 -1 -1 1 1 1 1 1 1 1 1 1 -1 -1 -1 -1 -1 -1 1 -1 1 1 -1 1 -1 1 -1 -1 1 -1 -1 1 1 -1 -1 -1 
ENA STRAN PREREZA = 1 3 6 7 10 12 16 19 20 21 22 23 24 25 26 32 35 36 37 38 39 41 44 45 46 47 48 50 51 56 58 59 65 68 69 70 71 72 73 74 75 76 83 85 86 88 90 93 96 97 
B&B vozlisc = 441
Najvec zasedenih delavcev = 10
Cas: 157.00 sec


graf: testni grafi/mac/rudy/pw05_100.8
The input graph has 100 nodes and 2475 edges, edge weights are integers.

NAJBOLJSA VREDNOST = 8199.000000
NAJBOLJSI PREREZ = -1 1 1 1 -1 -1 1 1 -1 1 1 -1 -1 -1 1 1 -1 -1 -1 -1 -1 1 1 1 1 -1 -1 1 -1 -1 1 -1 1 1 -1 1 1 1 1 1 -1 -1 1 -1 1 1 -1 -1 1 -1 -1 -1 -1 1 1 -1 1 1 -1 1 -1 1 1 1 1 1 1 1 -1 -1 -1 1 -1 1 1 1 -1 -1 -1 -1 -1 -1 -1 -1 -1 1 -1 1 -1 -1 -1 -1 1 1 1 1 1 1 1 1 
ENA STRAN PREREZA = 2 3 4 7 8 10 11 15 16 22 23 24 25 28 31 33 34 36 37 38 39 40 43 45 46 49 54 55 57 58 60 62 63 64 65 66 67 68 72 74 75 76 86 88 93 94 95 96 97 98 99 100 
B&B vozlisc = 83
Najvec zasedenih delavcev = 10
Cas: 43.00 sec


graf: testni grafi/mac/rudy/pw05_100.9
The input graph has 100 nodes and 2475 edges, edge weights are integers.

NAJBOLJSA VREDNOST = 8099.000000
NAJBOLJSI PREREZ = 1 1 -1 -1 1 1 -1 -1 1 -1 1 1 -1 -1 -1 -1 -1 1 1 -1 1 1 -1 -1 -1 -1 1 -1 -1 -1 1 1 1 1 1 -1 -1 1 -1 -1 1 1 1 -1 -1 1 -1 1 1 1 1 1 -1 1 -1 1 1 1 1 -1 -1 -1 -1 -1 -1 -1 1 -1 -1 1 1 1 1 1 1 -1 1 -1 -1 -1 -1 1 1 -1 1 -1 -1 1 1 -1 -1 1 1 1 -1 1 -1 -1 1 -1 
ENA STRAN PREREZA = 1 2 5 6 9 11 12 18 19 21 22 27 31 32 33 34 35 38 41 42 43 46 48 49 50 51 52 54 56 57 58 59 67 70 71 72 73 74 75 77 82 83 85 88 89 92 93 94 96 99 
B&B vozlisc = 583
Najvec zasedenih delavcev = 10
Cas: 197.00 sec




PS:

Read file <pw05_100_12.err> for stderr output of this job.

