Sender: LSF System <lsfadmin@cn23>
Subject: Job 39371: <#!/bin/sh; #BSUB -a openmpi;#BSUB -q normal;#BSUB -n 96;#BSUB -oo myOutput.out;#BSUB -e myError.err;  mpirun bab testni\ grafi/mac/rudy/g05_80.0> in cluster <hpcfs> Done

Job <#!/bin/sh; #BSUB -a openmpi;#BSUB -q normal;#BSUB -n 96;#BSUB -oo myOutput.out;#BSUB -e myError.err;  mpirun bab testni\ grafi/mac/rudy/g05_80.0> was submitted from host <cn71.hpc> by user <hrgat> in cluster <hpcfs>.
Job was executed on host(s) <12*cn23>, in queue <normal>, as user <hrgat> in cluster <hpcfs>.
                            <12*cn24>
                            <12*cn41>
                            <12*cn44>
                            <12*cn45>
                            <12*cn46>
                            <12*cn47>
                            <12*cn48>
</home/hrgat> was used as the home directory.
</home/hrgat/Namizje/BiqMac5_HPC_dela> was used as the working directory.
Started at Mon Mar 12 07:57:17 2018
Results reported at Mon Mar 12 07:57:34 2018

Your job looked like:

------------------------------------------------------------
# LSBATCH: User input
#!/bin/sh

#BSUB -a openmpi
#BSUB -q normal
#BSUB -n 96
#BSUB -oo myOutput.out
#BSUB -e myError.err


mpirun bab testni\ grafi/mac/rudy/g05_80.0

------------------------------------------------------------

Successfully completed.

Resource usage summary:

    CPU time :               1562.70 sec.
    Total Requested Memory : -
    Delta Memory :           -
    (Delta: the difference between total requested memory and actual max usage.)

The output (if any) follows:

graph: testni grafi/mac/rudy/g05_80.0
The input graph has 80 nodes and 1580 edges, edge weights are integers.

BEST VALUE = 929.000000
BEST CUT: -1 -1 1 -1 -1 -1 -1 1 1 1 -1 1 1 -1 1 -1 -1 1 1 -1 -1 1 -1 1 -1 -1 -1 1 -1 -1 1 1 1 -1 -1 1 1 1 -1 -1 -1 -1 1 1 1 -1 1 -1 -1 1 1 1 1 -1 1 1 1 1 1 -1 1 -1 1 -1 -1 -1 -1 1 1 1 -1 -1 -1 1 1 -1 -1 1 -1 -1 
ONE SIDE OF THE CUT: 3 8 9 10 12 13 15 18 19 22 24 28 31 32 33 36 37 38 43 44 45 47 50 51 52 53 55 56 57 58 59 61 63 68 69 70 74 75 78 
B&B nodes = 51
maxQueueSize = 2
maxWorkers = 18
TIME: 16.00 sec




PS:

Read file <myError.err> for stderr output of this job.

