Sender: LSF System <lsfadmin@cn47>
Subject: Job 36169: <mpirun -np 96 ./bab testni\ grafi/mac/ising/ising3.0-250_6666> in cluster <hpcfs> Done

Job <mpirun -np 96 ./bab testni\ grafi/mac/ising/ising3.0-250_6666> was submitted from host <prelog> by user <avegikalamar> in cluster <hpcfs>.
Job was executed on host(s) <12*cn47>, in queue <normal>, as user <avegikalamar> in cluster <hpcfs>.
                            <12*cn48>
                            <12*cn18>
                            <12*cn44>
                            <12*cn52>
                            <12*cn58>
                            <12*cn59>
                            <12*cn11>
</home/avegikalamar> was used as the home directory.
</home/avegikalamar/BiqMac5> was used as the working directory.
Started at Wed Sep 13 20:57:25 2017
Results reported at Wed Sep 13 21:03:12 2017

Your job looked like:

------------------------------------------------------------
# LSBATCH: User input
mpirun -np 96 ./bab testni\ grafi/mac/ising/ising3.0-250_6666
------------------------------------------------------------

Successfully completed.

Resource usage summary:

    CPU time :               33168.07 sec.
    Max Memory :             494 MB
    Average Memory :         493.11 MB
    Total Requested Memory : -
    Delta Memory :           -
    (Delta: the difference between total requested memory and actual max usage.)
    Max Processes :          91
    Max Threads :            280

The output (if any) follows:

graph: testni grafi/mac/ising/ising3.0-250_6666
The input graph has 250 nodes and 31125 edges, edge weights are integers.

BEST VALUE = 6903351.000000
BEST CUT = -1 -1 1 -1 1 -1 1 -1 -1 -1 1 1 1 -1 -1 -1 1 -1 -1 1 1 1 -1 1 1 1 -1 -1 -1 -1 1 1 -1 -1 -1 1 -1 -1 1 -1 1 -1 -1 1 -1 1 -1 1 -1 -1 1 1 -1 -1 1 1 1 1 -1 -1 -1 -1 1 -1 1 -1 -1 1 -1 -1 -1 1 1 1 1 1 1 -1 1 1 -1 1 -1 -1 -1 -1 1 1 -1 -1 1 -1 -1 -1 -1 1 1 -1 -1 1 -1 1 -1 -1 1 1 1 1 1 -1 -1 1 1 -1 -1 1 1 1 1 1 -1 -1 -1 -1 1 -1 -1 -1 -1 1 -1 -1 1 1 -1 -1 -1 1 -1 -1 1 1 1 -1 -1 -1 -1 1 -1 -1 -1 1 1 1 1 -1 -1 -1 1 -1 -1 -1 -1 1 1 -1 1 -1 -1 1 -1 1 1 -1 -1 1 1 -1 1 -1 -1 -1 1 1 -1 1 -1 -1 1 -1 1 1 1 1 1 -1 1 -1 -1 -1 -1 -1 -1 -1 1 -1 -1 1 1 -1 -1 1 -1 -1 1 -1 1 -1 -1 1 1 -1 -1 -1 1 1 -1 1 -1 1 1 -1 1 1 1 -1 -1 -1 -1 1 -1 -1 1 -1 1 -1 1 -1 -1 1 
ONE SIDE OF CUT = 3 5 7 11 12 13 17 20 21 22 24 25 26 31 32 36 39 41 44 46 48 51 52 55 56 57 58 63 65 68 72 73 74 75 76 77 79 80 82 87 88 91 96 97 100 102 105 106 107 108 109 112 113 116 117 118 119 120 125 130 133 134 138 141 142 143 148 152 153 154 155 159 164 165 167 170 172 173 176 177 179 183 184 186 189 191 192 193 194 195 197 205 208 209 212 215 217 220 221 225 226 228 230 231 233 234 235 240 243 245 247 250 
B&B nodes = 7
maxQueueSize = 2
maxWorkers = 2
TIME: 346.00 sec




PS:

Read file <ising3.0-250_6666_96.err> for stderr output of this job.

