Sender: LSF System <lsfadmin@cn30>
Subject: Job 35727: <mpirun -np 48 ./bab testni\ grafi/mac/rudy/pm1d_80.0 testni\ grafi/mac/rudy/pm1d_80.1 testni\ grafi/mac/rudy/pm1d_80.2 testni\ grafi/mac/rudy/pm1d_80.3 testni\ grafi/mac/rudy/pm1d_80.4 testni\ grafi/mac/rudy/pm1d_80.5 testni\ grafi/mac/rudy/pm1d_80.6 testni\ grafi/mac/rudy/pm1d_80.7 testni\ grafi/mac/rudy/pm1d_80.8 testni\ grafi/mac/rudy/pm1d_80.9> in cluster <hpcfs> Done

Job <mpirun -np 48 ./bab testni\ grafi/mac/rudy/pm1d_80.0 testni\ grafi/mac/rudy/pm1d_80.1 testni\ grafi/mac/rudy/pm1d_80.2 testni\ grafi/mac/rudy/pm1d_80.3 testni\ grafi/mac/rudy/pm1d_80.4 testni\ grafi/mac/rudy/pm1d_80.5 testni\ grafi/mac/rudy/pm1d_80.6 testni\ grafi/mac/rudy/pm1d_80.7 testni\ grafi/mac/rudy/pm1d_80.8 testni\ grafi/mac/rudy/pm1d_80.9> was submitted from host <cn54> by user <avegikalamar> in cluster <hpcfs>.
Job was executed on host(s) <12*cn30>, in queue <normal>, as user <avegikalamar> in cluster <hpcfs>.
                            <12*cn33>
                            <12*cn34>
                            <12*cn35>
</home/avegikalamar> was used as the home directory.
</home/avegikalamar/BiqMac5> was used as the working directory.
Started at Thu Aug 31 11:31:16 2017
Results reported at Thu Aug 31 11:33:59 2017

Your job looked like:

------------------------------------------------------------
# LSBATCH: User input
mpirun -np 48 ./bab testni\ grafi/mac/rudy/pm1d_80.0 testni\ grafi/mac/rudy/pm1d_80.1 testni\ grafi/mac/rudy/pm1d_80.2 testni\ grafi/mac/rudy/pm1d_80.3 testni\ grafi/mac/rudy/pm1d_80.4 testni\ grafi/mac/rudy/pm1d_80.5 testni\ grafi/mac/rudy/pm1d_80.6 testni\ grafi/mac/rudy/pm1d_80.7 testni\ grafi/mac/rudy/pm1d_80.8 testni\ grafi/mac/rudy/pm1d_80.9
------------------------------------------------------------

Successfully completed.

Resource usage summary:

    CPU time :               7766.71 sec.
    Max Memory :             819 MB
    Average Memory :         733.67 MB
    Total Requested Memory : -
    Delta Memory :           -
    (Delta: the difference between total requested memory and actual max usage.)
    Max Processes :          39
    Max Threads :            120

The output (if any) follows:

graf: testni grafi/mac/rudy/pm1d_80.0
The input graph has 80 nodes and 3128 edges, edge weights are integers.

NAJBOLJSA VREDNOST = 227.000000
NAJBOLJSI PREREZ = 1 1 1 -1 -1 -1 1 1 1 1 -1 -1 1 1 1 1 -1 -1 1 -1 -1 1 1 -1 -1 1 1 -1 -1 -1 -1 1 1 1 -1 1 -1 -1 -1 1 -1 -1 1 1 1 -1 1 -1 1 -1 -1 -1 -1 -1 -1 1 1 1 -1 1 1 -1 1 1 1 -1 1 -1 -1 1 -1 1 1 -1 1 -1 1 1 -1 -1 
ENA STRAN PREREZA = 1 2 3 7 8 9 10 13 14 15 16 19 22 23 26 27 32 33 34 36 40 43 44 45 47 49 56 57 58 60 61 63 64 65 67 70 72 73 75 77 78 
B&B vozlisc = 29
Najvec zasedenih delavcev = 10
Cas: 14.00 sec


graf: testni grafi/mac/rudy/pm1d_80.1
The input graph has 80 nodes and 3128 edges, edge weights are integers.

NAJBOLJSA VREDNOST = 245.000000
NAJBOLJSI PREREZ = -1 -1 1 -1 -1 -1 -1 -1 -1 1 -1 -1 -1 -1 -1 1 1 1 1 -1 -1 1 1 -1 1 -1 -1 -1 1 -1 1 1 -1 1 1 -1 -1 -1 1 -1 1 -1 1 -1 -1 1 -1 1 1 -1 -1 -1 1 -1 1 -1 -1 -1 -1 1 1 1 -1 -1 -1 1 -1 1 1 -1 -1 -1 1 1 1 -1 1 -1 -1 -1 
ENA STRAN PREREZA = 3 10 16 17 18 19 22 23 25 29 31 32 34 35 39 41 43 46 48 49 53 55 60 61 62 66 68 69 73 74 75 77 
B&B vozlisc = 255
Najvec zasedenih delavcev = 46
Cas: 20.00 sec


graf: testni grafi/mac/rudy/pm1d_80.2
The input graph has 80 nodes and 3128 edges, edge weights are integers.

NAJBOLJSA VREDNOST = 284.000000
NAJBOLJSI PREREZ = 1 1 1 1 1 -1 -1 -1 1 1 -1 -1 1 1 1 1 1 1 1 -1 -1 1 1 1 -1 1 1 -1 -1 -1 1 1 1 1 -1 -1 1 -1 -1 -1 -1 1 -1 1 1 -1 1 1 1 1 1 1 1 -1 -1 1 1 -1 1 1 1 1 1 1 1 1 -1 1 -1 1 1 -1 -1 1 1 -1 -1 -1 -1 1 
ENA STRAN PREREZA = 1 2 3 4 5 9 10 13 14 15 16 17 18 19 22 23 24 26 27 31 32 33 34 37 42 44 45 47 48 49 50 51 52 53 56 57 59 60 61 62 63 64 65 66 68 70 71 74 75 80 
B&B vozlisc = 97
Najvec zasedenih delavcev = 29
Cas: 17.00 sec


graf: testni grafi/mac/rudy/pm1d_80.3
The input graph has 80 nodes and 3128 edges, edge weights are integers.

NAJBOLJSA VREDNOST = 291.000000
NAJBOLJSI PREREZ = -1 1 -1 1 1 -1 -1 -1 -1 -1 -1 1 -1 -1 1 -1 -1 1 1 1 -1 -1 1 1 1 1 1 -1 1 1 -1 1 -1 -1 1 -1 1 -1 -1 -1 1 1 -1 1 1 -1 1 1 -1 -1 -1 -1 1 -1 1 -1 1 1 -1 1 1 -1 -1 1 1 -1 -1 -1 1 1 -1 1 -1 -1 1 -1 -1 1 -1 1 
ENA STRAN PREREZA = 2 4 5 12 15 18 19 20 23 24 25 26 27 29 30 32 35 37 41 42 44 45 47 48 53 55 57 58 60 61 64 65 69 70 72 75 78 80 
B&B vozlisc = 21
Najvec zasedenih delavcev = 5
Cas: 12.00 sec


graf: testni grafi/mac/rudy/pm1d_80.4
The input graph has 80 nodes and 3128 edges, edge weights are integers.

NAJBOLJSA VREDNOST = 251.000000
NAJBOLJSI PREREZ = 1 1 1 -1 -1 1 -1 -1 -1 -1 1 -1 1 1 1 -1 1 1 -1 1 -1 1 -1 1 -1 -1 1 -1 1 -1 1 1 1 -1 -1 1 1 -1 -1 1 1 1 -1 1 -1 1 1 -1 1 1 1 -1 1 -1 1 1 1 1 1 1 1 -1 1 1 1 1 -1 1 -1 1 1 1 1 -1 -1 1 1 1 1 1 
ENA STRAN PREREZA = 1 2 3 6 11 13 14 15 17 18 20 22 24 27 29 31 32 33 36 37 40 41 42 44 46 47 49 50 51 53 55 56 57 58 59 60 61 63 64 65 66 68 70 71 72 73 76 77 78 79 80 
B&B vozlisc = 45
Najvec zasedenih delavcev = 15
Cas: 14.00 sec


graf: testni grafi/mac/rudy/pm1d_80.5
The input graph has 80 nodes and 3128 edges, edge weights are integers.

NAJBOLJSA VREDNOST = 242.000000
NAJBOLJSI PREREZ = -1 -1 -1 -1 -1 1 -1 -1 -1 -1 -1 1 1 1 -1 1 -1 -1 1 1 1 1 1 -1 1 -1 -1 1 -1 1 1 -1 -1 -1 -1 1 -1 -1 -1 1 -1 1 -1 -1 -1 -1 -1 1 -1 -1 1 -1 -1 1 -1 -1 1 -1 -1 -1 1 1 1 -1 -1 -1 -1 1 1 1 -1 -1 -1 -1 1 -1 1 -1 1 -1 
ENA STRAN PREREZA = 6 12 13 14 16 19 20 21 22 23 25 28 30 31 36 40 42 48 51 54 57 61 62 63 68 69 70 75 77 79 
B&B vozlisc = 393
Najvec zasedenih delavcev = 46
Cas: 24.00 sec


graf: testni grafi/mac/rudy/pm1d_80.6
The input graph has 80 nodes and 3128 edges, edge weights are integers.

NAJBOLJSA VREDNOST = 205.000000
NAJBOLJSI PREREZ = -1 -1 -1 -1 -1 1 1 -1 1 -1 -1 -1 -1 1 -1 -1 1 1 1 -1 -1 1 1 -1 1 1 1 -1 1 1 1 -1 1 1 1 1 -1 1 1 1 -1 1 -1 1 1 1 -1 1 1 -1 -1 1 -1 -1 1 -1 1 -1 1 1 -1 -1 1 1 1 1 1 -1 1 1 1 1 1 -1 -1 1 1 1 -1 1 
ENA STRAN PREREZA = 6 7 9 14 17 18 19 22 23 25 26 27 29 30 31 33 34 35 36 38 39 40 42 44 45 46 48 49 52 55 57 59 60 63 64 65 66 67 69 70 71 72 73 76 77 78 80 
B&B vozlisc = 121
Najvec zasedenih delavcev = 36
Cas: 16.00 sec


graf: testni grafi/mac/rudy/pm1d_80.7
The input graph has 80 nodes and 3128 edges, edge weights are integers.

NAJBOLJSA VREDNOST = 249.000000
NAJBOLJSI PREREZ = 1 1 -1 1 -1 1 1 1 -1 1 -1 -1 1 1 -1 -1 -1 1 1 -1 1 -1 1 -1 -1 -1 1 -1 1 -1 -1 -1 1 1 1 -1 1 -1 -1 1 1 -1 -1 1 1 1 -1 -1 -1 -1 -1 -1 -1 -1 1 -1 -1 1 -1 -1 -1 -1 1 -1 -1 1 1 -1 -1 -1 -1 1 1 -1 1 1 -1 1 1 1 
ENA STRAN PREREZA = 1 2 4 6 7 8 10 13 14 18 19 21 23 27 29 33 34 35 37 40 41 44 45 46 55 58 63 66 67 72 73 75 76 78 79 80 
B&B vozlisc = 149
Najvec zasedenih delavcev = 41
Cas: 18.00 sec


graf: testni grafi/mac/rudy/pm1d_80.8
The input graph has 80 nodes and 3128 edges, edge weights are integers.

NAJBOLJSA VREDNOST = 293.000000
NAJBOLJSI PREREZ = 1 1 1 1 1 -1 1 1 1 -1 1 1 -1 -1 1 -1 -1 1 1 1 -1 -1 1 1 -1 -1 1 -1 1 1 -1 -1 -1 -1 -1 -1 1 -1 -1 1 -1 -1 -1 -1 1 1 1 -1 1 1 -1 1 -1 -1 1 1 -1 -1 1 -1 -1 1 1 -1 -1 1 1 -1 -1 1 -1 1 1 -1 1 -1 -1 -1 1 1 
ENA STRAN PREREZA = 1 2 3 4 5 7 8 9 11 12 15 18 19 20 23 24 27 29 30 37 40 45 46 47 49 50 52 55 56 59 62 63 66 67 70 72 73 75 79 80 
B&B vozlisc = 43
Najvec zasedenih delavcev = 13
Cas: 16.00 sec


graf: testni grafi/mac/rudy/pm1d_80.9
The input graph has 80 nodes and 3128 edges, edge weights are integers.

NAJBOLJSA VREDNOST = 258.000000
NAJBOLJSI PREREZ = 1 1 1 -1 1 -1 1 -1 -1 1 -1 1 -1 -1 1 1 -1 -1 1 1 -1 1 -1 -1 1 1 1 -1 -1 -1 -1 -1 1 -1 1 -1 1 1 -1 -1 1 1 1 -1 -1 -1 1 1 -1 1 1 -1 -1 1 -1 -1 1 1 1 1 -1 -1 -1 1 -1 -1 1 -1 1 1 -1 -1 -1 -1 1 -1 1 -1 -1 -1 
ENA STRAN PREREZA = 1 2 3 5 7 10 12 15 16 19 20 22 25 26 27 33 35 37 38 41 42 43 47 48 50 51 54 57 58 59 60 64 67 69 70 75 77 
B&B vozlisc = 23
Najvec zasedenih delavcev = 9
Cas: 11.00 sec




PS:

Read file <pm1d_80_48.err> for stderr output of this job.

