Sender: LSF System <lsfadmin@cn30>
Subject: Job 35955: <mpirun -np 96 ./bab testni\ grafi/mac/rudy/w09_100.0> in cluster <hpcfs> Done

Job <mpirun -np 96 ./bab testni\ grafi/mac/rudy/w09_100.0> was submitted from host <cn23> by user <avegikalamar> in cluster <hpcfs>.
Job was executed on host(s) <12*cn30>, in queue <normal>, as user <avegikalamar> in cluster <hpcfs>.
                            <12*cn34>
                            <12*cn35>
                            <12*cn37>
                            <12*cn38>
                            <12*cn39>
                            <12*cn06>
                            <12*cn08>
</home/avegikalamar> was used as the home directory.
</home/avegikalamar/BiqMac5> was used as the working directory.
Started at Thu Sep  7 14:49:59 2017
Results reported at Thu Sep  7 14:51:04 2017

Your job looked like:

------------------------------------------------------------
# LSBATCH: User input
mpirun -np 96 ./bab testni\ grafi/mac/rudy/w09_100.0
------------------------------------------------------------

Successfully completed.

Resource usage summary:

    CPU time :               4666.62 sec.
    Total Requested Memory : -
    Delta Memory :           -
    (Delta: the difference between total requested memory and actual max usage.)

The output (if any) follows:

graph: testni grafi/mac/rudy/w09_100.0
The input graph has 100 nodes and 4455 edges, edge weights are integers.

BEST VALUE = 2121.000000
BEST CUT = 1 -1 1 1 1 1 -1 -1 -1 1 1 -1 1 1 1 1 -1 1 1 1 -1 -1 -1 -1 1 -1 -1 1 -1 -1 -1 -1 1 1 -1 -1 -1 -1 1 1 1 1 -1 -1 1 -1 -1 1 -1 -1 -1 1 -1 -1 1 -1 1 -1 1 1 1 1 -1 1 1 -1 1 1 -1 -1 -1 -1 1 -1 -1 -1 -1 1 -1 -1 -1 -1 -1 1 1 1 -1 -1 1 1 1 1 1 -1 1 1 1 -1 -1 -1 
ONE SIDE OF CUT = 1 3 4 5 6 10 11 13 14 15 16 18 19 20 25 28 33 34 39 40 41 42 45 48 52 55 57 59 60 61 62 64 65 67 68 73 78 84 85 86 89 90 91 92 93 95 96 97 
B&B nodes = 629
maxQueueSize = 126
maxWorkers = 95
TIME: 49.00 sec




PS:

Read file <w09_100.0.err> for stderr output of this job.

