Input file: Instances/rudy/g05_80.1

Graph has 80 vertices and 1580 edges.

BiqBin parameters:
    init_bundle_iter = 5
     max_bundle_iter = 20
      min_outer_iter = 10
      max_outer_iter = 30
       violated_Ineq = 0.050000
             TriIneq = 500
         Pent_Trials = 160
        Hepta_Trials = 120
        include_Pent = 1
       include_Hepta = 1
                root = 0
            use_diff = 1
          time_limit = 0
   branchingStrategy = 1
      detailedOutput = 1

**************************************************************************************************************************
                                               Node 1
**************************************************************************************************************************
Problem size 80
Fixed variables:
Node 1 Feasible solution 941
==========================================================================================================================
starting bound     cut  triangles added  violation
        957.25     941              500       0.50
==========================================================================================================================
iter     time      bound  bdl   viol3  triag  purged   added   viol5  penta  purged   added   viol7  hepta  purged   added
==========================================================================================================================
   1     0.03     951.16    3   4e-01    806    -177   +483   
   2     0.06     947.63    6   4e-01   1068    -211   +473   
   3     0.09     946.23    8   4e-01   1327    -173   +432   
   4     0.27     944.93    7   3e-01   1412    -360   +445    8e-01    480    -0     +480    8e-01    480    -0     +480  
   5     0.44     944.11   10   3e-01   1507    -313   +408    7e-01    834    -126   +480    8e-01    852    -108   +480  
   6     0.63     943.35   12   2e-01   1516    -377   +386    6e-01   1160    -154   +480    6e-01   1172    -160   +480  
   7     0.84     942.72   14   1e-01   1503    -379   +366    5e-01   1325    -315   +480    6e-01   1360    -292   +480  
   8     1.06     942.33   14   1e-01   1544    -373   +414    4e-01   1467    -338   +480    6e-01   1577    -263   +480  
   9     1.30     942.13   13   2e-01   1574    -407   +437    5e-01   1585    -361   +479    6e-01   1775    -282   +480  
  10     1.31     941.99   14   2e-01   1574    -0     +0      5e-01   1585    -0     +0      6e-01   1775    -0     +0    
==========================================================================================================================
Prune!
==========================================================================================================================
Depth = 0, Bound = 941.99, Best = 941


Nodes = 1
Root node bound = 941.988
Maximum value = 941
Solution = ( 2 3 5 6 12 14 18 19 20 21 22 26 27 28 29 31 32 36 37 38 40 41 42 43 48 52 53 54 55 56 58 59 60 62 63 66 67 68 73 75 )
CPU time = 1.31 s

