Input file: Instances/rudy/g05_60.1

Graph has 60 vertices and 885 edges.

BiqBin parameters:
    init_bundle_iter = 5
     max_bundle_iter = 20
      min_outer_iter = 10
      max_outer_iter = 30
       violated_Ineq = 0.050000
             TriIneq = 500
         Pent_Trials = 160
        Hepta_Trials = 120
        include_Pent = 1
       include_Hepta = 1
                root = 0
            use_diff = 1
          time_limit = 0
   branchingStrategy = 0
      detailedOutput = 1

**************************************************************************************************************************
                                               Node 1
**************************************************************************************************************************
Problem size 60
Fixed variables:
Node 1 Feasible solution 532
==========================================================================================================================
starting bound     cut  triangles added  violation
        543.11     532              500       0.50
==========================================================================================================================
iter     time      bound  bdl   viol3  triag  purged   added   viol5  penta  purged   added   viol7  hepta  purged   added
==========================================================================================================================
   1   330.59     538.44    4   4e-01    821    -142   +463   
   2   715.71     536.16    8   4e-01    996    -255   +430   
   3  1179.16     535.05    7   3e-01   1170    -222   +396    8e-01    480    -0     +480    9e-01    480    -0     +480  
   4  1802.28     534.36    9   3e-01   1259    -258   +347    7e-01    827    -133   +480    8e-01    797    -162   +479  
   5  2560.78     533.74   13   2e-01   1116    -379   +236    6e-01   1040    -262   +475    7e-01    998    -267   +468  
