Input file: Instances/rudy/g05_60.0

Graph has 60 vertices and 885 edges.

BiqBin parameters:
    init_bundle_iter = 5
     max_bundle_iter = 20
      min_outer_iter = 10
      max_outer_iter = 30
       violated_Ineq = 0.050000
             TriIneq = 500
         Pent_Trials = 160
        Hepta_Trials = 120
        include_Pent = 1
       include_Hepta = 1
                root = 0
            use_diff = 1
          time_limit = 0
   branchingStrategy = 0
      detailedOutput = 1

**************************************************************************************************************************
                                               Node 1
**************************************************************************************************************************
Problem size 60
Fixed variables:
Node 1 Feasible solution 535
==========================================================================================================================
starting bound     cut  triangles added  violation
        550.05     535              500       0.50
==========================================================================================================================
iter     time      bound  bdl   viol3  triag  purged   added   viol5  penta  purged   added   viol7  hepta  purged   added
==========================================================================================================================
Node 1 Feasible solution 536
   1   330.07     543.56    5   5e-01    810    -147   +457   
   2   716.68     541.55    6   4e-01   1138    -112   +440   
   3  1234.76     540.12    9   2e-01   1169    -335   +366    7e-01    480    -0     +480    8e-01    480    -0     +480  
   4  1857.47     539.17   14   2e-01   1124    -244   +199    6e-01    873    -81    +474    6e-01    831    -114   +465  
   5  2555.07     538.34   16   1e-01   1010    -212   +98     6e-01   1175    -165   +467    6e-01   1050    -223   +442  
   6  3310.66     537.81   12   1e-01    878    -171   +39     4e-01   1380    -233   +438    5e-01   1193    -269   +412  
