Input file: Instances/rudy/g05_80.0

Graph has 80 vertices and 1580 edges.

BiqBin parameters:
    init_bundle_iter = 5
     max_bundle_iter = 20
      min_outer_iter = 10
      max_outer_iter = 30
       violated_Ineq = 0.050000
             TriIneq = 500
         Pent_Trials = 160
        Hepta_Trials = 120
        include_Pent = 1
       include_Hepta = 1
                root = 0
            use_diff = 1
          time_limit = 0
   branchingStrategy = 1
      detailedOutput = 1

**************************************************************************************************************************
                                               Node 1
**************************************************************************************************************************
Problem size 80
Fixed variables:
Node 1 Feasible solution 928
==========================================================================================================================
starting bound     cut  triangles added  violation
        950.92     928              500       0.49
==========================================================================================================================
iter     time      bound  bdl   viol3  triag  purged   added   viol5  penta  purged   added   viol7  hepta  purged   added
==========================================================================================================================
   1     0.03     943.43    3   4e-01    787    -190   +477   
Node 1 Feasible solution 929
   2     0.06     940.35    5   4e-01   1113    -157   +483   
   3     0.19     938.26    7   3e-01   1124    -405   +416    7e-01    480    -0     +480    8e-01    478    -0     +478  
   4     0.32     936.80   12   3e-01   1259    -232   +367    7e-01    799    -156   +475    7e-01    704    -222   +448  
   5     0.46     935.77   14   2e-01    960    -386   +87     5e-01    930    -274   +405    6e-01    666    -355   +317  
   6     0.61     934.81   19   1e-01    877    -145   +62     5e-01   1063    -215   +348    5e-01    732    -187   +253  
   7     0.76     934.15   19   1e-01    818    -123   +64     5e-01   1116    -235   +288    5e-01    755    -193   +216  
   8     0.91     933.65   25   9e-02    760    -88    +30     4e-01   1208    -177   +269    5e-01    791    -148   +184  
   9     1.07     933.13   26   1e-01    741    -74    +55     4e-01   1283    -186   +261    4e-01    789    -165   +163  
  10     1.25     932.90   25   1e-01    784    -59    +102    4e-01   1451    -177   +345    6e-01    881    -113   +205  
  11     1.43     932.64   31   7e-02    694    -102   +12     3e-01   1368    -268   +185    3e-01    854    -155   +128  
  12     1.61     932.43   34   6e-02    637    -58    +1      4e-01   1346    -184   +162    4e-01    843    -106   +95   
  13     1.79     932.25   33   6e-02    595    -47    +5      3e-01   1338    -154   +146    3e-01    841    -105   +103  
  14     1.99     932.08   32   7e-02    582    -25    +12     3e-01   1395    -102   +159    4e-01    876    -61    +96   
  15     2.19     931.95   36   7e-02    559    -27    +4      3e-01   1428    -98    +131    3e-01    858    -97    +79   
  16     2.29     931.82   36   7e-02    559    -0     +0      3e-01   1428    -0     +0      3e-01    858    -0     +0    
==========================================================================================================================
BOUNDING STOPPED: Gap to big!
==========================================================================================================================
Depth = 0, Bound = 931.82, Best = 929

Branching on x[42] = 0.50
Fixing x[42] = 0

**************************************************************************************************************************
                                               Node 2
**************************************************************************************************************************
Problem size 79
Fixed variables: (x[42],0)
==========================================================================================================================
BOUNDING STOPPED: Gap to big!
==========================================================================================================================
Depth = 1, Bound = 950.36, Best = 929

Fixing x[42] = 1

**************************************************************************************************************************
                                               Node 3
**************************************************************************************************************************
Problem size 79
Fixed variables: (x[42],1)
==========================================================================================================================
BOUNDING STOPPED: Gap to big!
==========================================================================================================================
Depth = 1, Bound = 949.81, Best = 929

Branching on x[35] = 0.52
Fixing x[35] = 0

**************************************************************************************************************************
                                               Node 4
**************************************************************************************************************************
Problem size 78
Fixed variables: (x[35],0) (x[42],0)
==========================================================================================================================
starting bound     cut  triangles added  violation
        948.64     929              500       0.50
==========================================================================================================================
iter     time      bound  bdl   viol3  triag  purged   added   viol5  penta  purged   added   viol7  hepta  purged   added
==========================================================================================================================
   1     2.33     940.84    5   4e-01    797    -177   +474   
   2     2.35     937.76    6   4e-01   1034    -237   +474   
   3     2.38     936.29    7   4e-01   1256    -223   +445   
   4     2.52     935.15    7   2e-01   1295    -340   +379    6e-01    479    -0     +479    7e-01    480    -0     +480  
   5     2.66     934.13   14   2e-01   1139    -321   +165    6e-01    763    -173   +457    6e-01    683    -214   +417  
   6     2.81     933.12   15   2e-01   1059    -208   +128    5e-01   1024    -174   +435    5e-01    831    -243   +391  
   7     2.97     932.44   21   1e-01    908    -195   +44     5e-01   1176    -225   +377    5e-01    880    -270   +319  
   8     3.13     931.79   20   1e-01    829    -150   +71     5e-01   1299    -255   +378    4e-01    908    -272   +300  
   9     3.30     931.41   21   1e-01    744    -120   +35     3e-01   1308    -276   +285    5e-01    884    -240   +216  
  10     3.48     930.96   24   7e-02    667    -88    +11     4e-01   1313    -223   +228    4e-01    874    -202   +192  
  11     3.66     930.81   18   2e-01   1049    -26    +408    5e-01   1625    -149   +461    5e-01   1170    -114   +410  
  12     3.86     930.63   22   1e-01    713    -349   +13     3e-01   1561    -389   +325    4e-01   1068    -348   +246  
  13     4.06     930.51   22   8e-02    655    -64    +6      4e-01   1618    -206   +263    4e-01   1099    -172   +203  
  14     4.26     930.32   30   6e-02    610    -45    +0      3e-01   1573    -219   +174    4e-01   1054    -191   +146  
  15     4.47     930.20   26   7e-02    579    -35    +4      3e-01   1592    -137   +156    4e-01   1117    -79    +142  
  16     4.69     930.07   27   8e-02    573    -13    +7      3e-01   1755    -121   +284    3e-01   1223    -105   +211  
  17     4.75     929.97   33   8e-02    573    -0     +0      3e-01   1755    -0     +0      3e-01   1223    -0     +0    
==========================================================================================================================
Prune!
==========================================================================================================================
Depth = 2, Bound = 929.97, Best = 929

Fixing x[35] = 1

**************************************************************************************************************************
                                               Node 5
**************************************************************************************************************************
Problem size 78
Fixed variables: (x[35],1) (x[42],0)
==========================================================================================================================
starting bound     cut  triangles added  violation
        948.80     929              500       0.50
==========================================================================================================================
iter     time      bound  bdl   viol3  triag  purged   added   viol5  penta  purged   added   viol7  hepta  purged   added
==========================================================================================================================
   1     4.77     941.36    4   4e-01    822    -151   +473   
   2     4.80     937.82    6   4e-01   1068    -180   +426   
   3     4.93     935.18    8   3e-01   1164    -290   +386    7e-01    477    -0     +477    7e-01    470    -0     +470  
   4     5.06     934.16   11   3e-01   1280    -260   +376    7e-01    808    -149   +480    7e-01    703    -241   +474  
   5     5.21     933.25   15   2e-01   1017    -396   +133    5e-01    930    -304   +426    6e-01    695    -372   +364  
   6     5.36     932.19   18   2e-01    971    -189   +143    5e-01   1086    -228   +384    5e-01    758    -239   +302  
   7     5.50     931.55   21   1e-01    870    -180   +79     5e-01   1196    -240   +350    5e-01    825    -196   +263  
   8     5.66     931.00   24   8e-02    759    -118   +7      5e-01   1199    -242   +245    5e-01    725    -240   +140  
   9     5.82     930.59   30   1e-01    796    -64    +101    4e-01   1323    -173   +297    4e-01    759    -136   +170  
  10     5.98     930.35   26   1e-01    780    -94    +78     4e-01   1468    -173   +318    4e-01    798    -141   +180  
  11     6.16     930.08   27   1e-01    720    -103   +43     4e-01   1521    -238   +291    4e-01    803    -143   +148  
  12     6.19     929.99   31   1e-01    720    -0     +0      4e-01   1521    -0     +0      4e-01    803    -0     +0    
==========================================================================================================================
Prune!
==========================================================================================================================
Depth = 2, Bound = 929.99, Best = 929

Branching on x[47] = 0.50
Fixing x[47] = 0

**************************************************************************************************************************
                                               Node 6
**************************************************************************************************************************
Problem size 78
Fixed variables: (x[42],1) (x[47],0)
==========================================================================================================================
starting bound     cut  triangles added  violation
        948.72     929              500       0.49
==========================================================================================================================
iter     time      bound  bdl   viol3  triag  purged   added   viol5  penta  purged   added   viol7  hepta  purged   added
==========================================================================================================================
   1     6.22     941.07    3   5e-01    817    -153   +470   
   2     6.25     938.48    5   4e-01    952    -338   +473   
   3     6.38     936.53    7   3e-01   1165    -216   +429    8e-01    480    -0     +480    8e-01    480    -0     +480  
   4     6.52     934.87   11   2e-01   1200    -321   +356    7e-01    761    -195   +476    7e-01    693    -252   +465  
   5     6.66     933.80   15   2e-01   1113    -317   +230    6e-01    975    -237   +451    6e-01    806    -293   +406  
   6     6.81     932.91   20   1e-01    932    -278   +97     5e-01   1142    -249   +416    5e-01    849    -289   +332  
   7     6.97     932.20   22   9e-02    788    -173   +29     5e-01   1227    -251   +336    4e-01    861    -253   +265  
   8     7.13     931.78   23   9e-02    701    -95    +8      4e-01   1295    -219   +287    4e-01    880    -201   +220  
   9     7.30     931.49   23   1e-01    774    -46    +119    4e-01   1496    -181   +382    4e-01   1021    -131   +272  
  10     7.49     931.24   20   2e-01    900    -97    +223    4e-01   1680    -243   +427    6e-01   1235    -182   +396  
  11     7.68     931.00   24   1e-01    707    -210   +17     3e-01   1568    -411   +299    4e-01   1122    -363   +250  
  12     7.87     930.74   30   7e-02    620    -90    +3      3e-01   1521    -252   +205    4e-01   1097    -201   +176  
  13     8.07     930.55   27   1e-01    685    -34    +99     4e-01   1788    -137   +404    4e-01   1289    -138   +330  
  14     8.29     930.44   23   7e-02    603    -87    +5      3e-01   1641    -333   +186    3e-01   1183    -252   +146  
  15     8.49     930.28   27   8e-02    590    -27    +14     4e-01   1733    -155   +247    4e-01   1228    -139   +184  
  16     8.72     930.16   30   5e-02    559    -31    +0      2e-01   1684    -193   +144    3e-01   1204    -152   +128  
  17     8.94     930.09   30   1e-01    570    -18    +29     3e-01   1820    -124   +260    5e-01   1322    -91    +209  
  18     9.02     929.98   36   1e-01    570    -0     +0      3e-01   1820    -0     +0      5e-01   1322    -0     +0    
==========================================================================================================================
Prune!
==========================================================================================================================
Depth = 2, Bound = 929.98, Best = 929

Fixing x[47] = 1

**************************************************************************************************************************
                                               Node 7
**************************************************************************************************************************
Problem size 78
Fixed variables: (x[42],1) (x[47],1)
==========================================================================================================================
starting bound     cut  triangles added  violation
        948.70     929              500       0.49
==========================================================================================================================
iter     time      bound  bdl   viol3  triag  purged   added   viol5  penta  purged   added   viol7  hepta  purged   added
==========================================================================================================================
   1     9.05     941.29    3   4e-01    817    -163   +480   
   2     9.08     938.03    7   4e-01   1068    -206   +457   
   3     9.11     935.88    9   3e-01   1207    -264   +403   
   4     9.24     934.62   10   2e-01   1271    -273   +337    7e-01    479    -0     +479    6e-01    461    -0     +461  
   5     9.38     933.47   15   2e-01   1270    -302   +301    5e-01    791    -149   +461    5e-01    657    -214   +410  
   6     9.52     932.57   19   1e-01   1019    -321   +70     5e-01    949    -227   +385    6e-01    675    -278   +296  
   7     9.67     931.88   23   2e-01    970    -152   +103    5e-01   1127    -192   +370    5e-01    716    -223   +264  
   8     9.83     931.34   26   1e-01    833    -167   +30     4e-01   1207    -244   +324    4e-01    682    -231   +197  
   9     9.98     931.00   21   9e-02    748    -93    +8      4e-01   1262    -201   +256    5e-01    662    -157   +137  
  10    10.14     930.67   26   9e-02    731    -57    +40     4e-01   1386    -152   +276    4e-01    732    -109   +179  
  11    10.31     930.37   28   8e-02    677    -67    +13     3e-01   1416    -183   +213    4e-01    721    -143   +132  
  12    10.49     930.11   24   1e-01    678    -32    +33     3e-01   1515    -148   +247    4e-01    809    -76    +164  
  13    10.53     929.99   28   1e-01    678    -0     +0      3e-01   1515    -0     +0      4e-01    809    -0     +0    
==========================================================================================================================
Prune!
==========================================================================================================================
Depth = 2, Bound = 929.99, Best = 929


Nodes = 7
Root node bound = 931.819
Maximum value = 929
Solution = ( 3 8 9 10 12 13 15 18 19 22 24 28 31 32 33 35 36 37 38 42 43 44 45 47 50 51 52 55 56 57 58 59 61 63 68 69 70 74 75 78 )
CPU time = 10.53 s

